[     9.531] 
X.Org X Server 1.20.11
X Protocol Version 11, Revision 0
[     9.531] Build Operating System: Slackware 15.0 Slackware Linux Project
[     9.531] Current Operating System: Linux porteus.example.net 5.12.14-porteus #1 SMP Sat Jul 3 11:33:18 MSK 2021 x86_64
[     9.531] Kernel command line: quiet BOOT_IMAGE=/boot/syslinux/vmlinuz changes=/porteus initrd=/boot/syslinux/initrd.xz APPEND changes=EXIT:
[     9.531] Build Date: 13 April 2021  12:31:51PM
[     9.531]  
[     9.531] Current version of pixman: 0.40.0
[     9.531] 	Before reporting problems, check http://wiki.x.org
	to make sure that you have the latest version.
[     9.531] Markers: (--) probed, (**) from config file, (==) default setting,
	(++) from command line, (!!) notice, (II) informational,
	(WW) warning, (EE) error, (NI) not implemented, (??) unknown.
[     9.531] (==) Log file: "/var/log/Xorg.0.log", Time: Sun Apr 10 01:44:03 2022
[     9.535] (==) Using system config directory "/usr/share/X11/xorg.conf.d"
[     9.555] (==) No Layout section.  Using the first Screen section.
[     9.555] (==) No screen section available. Using defaults.
[     9.555] (**) |-->Screen "Default Screen Section" (0)
[     9.555] (**) |   |-->Monitor "<default monitor>"
[     9.555] (==) No monitor specified for screen "Default Screen Section".
	Using a default monitor configuration.
[     9.555] (==) Automatically adding devices
[     9.555] (==) Automatically enabling devices
[     9.555] (==) Automatically adding GPU devices
[     9.555] (==) Automatically binding GPU devices
[     9.576] (==) Max clients allowed: 256, resource mask: 0x1fffff
[     9.578] (WW) The directory "/usr/share/fonts/misc" does not exist.
[     9.578] 	Entry deleted from font path.
[     9.578] (WW) The directory "/usr/share/fonts/local" does not exist.
[     9.578] 	Entry deleted from font path.
[     9.578] (WW) The directory "/usr/share/fonts/OTF" does not exist.
[     9.578] 	Entry deleted from font path.
[     9.578] (WW) The directory "/usr/share/fonts/Type1" does not exist.
[     9.578] 	Entry deleted from font path.
[     9.578] (WW) The directory "/usr/share/fonts/CID" does not exist.
[     9.578] 	Entry deleted from font path.
[     9.578] (WW) The directory "/usr/share/fonts/75dpi/" does not exist.
[     9.578] 	Entry deleted from font path.
[     9.578] (WW) The directory "/usr/share/fonts/100dpi/" does not exist.
[     9.578] 	Entry deleted from font path.
[     9.578] (WW) The directory "/usr/share/fonts/75dpi" does not exist.
[     9.578] 	Entry deleted from font path.
[     9.578] (WW) The directory "/usr/share/fonts/100dpi" does not exist.
[     9.578] 	Entry deleted from font path.
[     9.578] (WW) The directory "/usr/share/fonts/cyrillic" does not exist.
[     9.578] 	Entry deleted from font path.
[     9.578] (==) FontPath set to:
	/usr/share/fonts/TTF
[     9.578] (==) ModulePath set to "/usr/lib64/xorg/modules"
[     9.578] (II) The server relies on udev to provide the list of input devices.
	If no devices become available, reconfigure udev or disable AutoAddDevices.
[     9.578] (II) Loader magic: 0x61bc60
[     9.578] (II) Module ABI versions:
[     9.578] 	X.Org ANSI C Emulation: 0.4
[     9.578] 	X.Org Video Driver: 24.1
[     9.578] 	X.Org XInput driver : 24.1
[     9.578] 	X.Org Server Extension : 10.0
[     9.578] (II) xfree86: Adding drm device (/dev/dri/card0)
[     9.581] (--) PCI:*(6@0:0:0) 10de:13c2:1043:8508 rev 161, Mem @ 0xf6000000/16777216, 0xe0000000/268435456, 0xf0000000/33554432, I/O @ 0x0000e000/128, BIOS @ 0x????????/131072
[     9.581] (II) Open ACPI successful (/var/run/acpid.socket)
[     9.581] (II) LoadModule: "glx"
[     9.585] (II) Loading /usr/lib64/xorg/modules/extensions/libglx.so
[     9.639] (II) Module glx: vendor="X.Org Foundation"
[     9.639] 	compiled for 1.20.11, module version = 1.0.0
[     9.639] 	ABI class: X.Org Server Extension, version 10.0
[     9.753] (==) Matched modesetting as autoconfigured driver 0
[     9.753] (==) Matched fbdev as autoconfigured driver 1
[     9.753] (==) Matched vesa as autoconfigured driver 2
[     9.753] (==) Assigned the driver to the xf86ConfigLayout
[     9.753] (II) LoadModule: "modesetting"
[     9.753] (II) Loading /usr/lib64/xorg/modules/drivers/modesetting_drv.so
[     9.771] (II) Module modesetting: vendor="X.Org Foundation"
[     9.771] 	compiled for 1.20.11, module version = 1.20.11
[     9.772] 	Module class: X.Org Video Driver
[     9.772] 	ABI class: X.Org Video Driver, version 24.1
[     9.772] (II) LoadModule: "fbdev"
[     9.772] (II) Loading /usr/lib64/xorg/modules/drivers/fbdev_drv.so
[     9.779] (II) Module fbdev: vendor="X.Org Foundation"
[     9.779] 	compiled for 1.20.0, module version = 0.5.0
[     9.779] 	Module class: X.Org Video Driver
[     9.779] 	ABI class: X.Org Video Driver, version 24.0
[     9.779] (II) LoadModule: "vesa"
[     9.779] (II) Loading /usr/lib64/xorg/modules/drivers/vesa_drv.so
[     9.784] (II) Module vesa: vendor="X.Org Foundation"
[     9.784] 	compiled for 1.20.10, module version = 2.5.0
[     9.784] 	Module class: X.Org Video Driver
[     9.784] 	ABI class: X.Org Video Driver, version 24.1
[     9.784] (II) modesetting: Driver for Modesetting Kernel Drivers: kms
[     9.784] (II) FBDEV: driver for framebuffer: fbdev
[     9.784] (II) VESA: driver for VESA chipsets: vesa
[     9.784] (--) using VT number 7

[     9.786] (II) modeset(0): using drv /dev/dri/card0
[     9.786] (WW) Falling back to old probe method for fbdev
[     9.786] (II) Loading sub module "fbdevhw"
[     9.786] (II) LoadModule: "fbdevhw"
[     9.786] (II) Loading /usr/lib64/xorg/modules/libfbdevhw.so
[     9.812] (II) Module fbdevhw: vendor="X.Org Foundation"
[     9.812] 	compiled for 1.20.11, module version = 0.0.2
[     9.812] 	ABI class: X.Org Video Driver, version 24.1
[     9.812] (II) modeset(0): Creating default Display subsection in Screen section
	"Default Screen Section" for depth/fbbpp 24/32
[     9.812] (==) modeset(0): Depth 24, (==) framebuffer bpp 32
[     9.812] (==) modeset(0): RGB weight 888
[     9.812] (==) modeset(0): Default visual is TrueColor
[     9.812] (II) Loading sub module "glamoregl"
[     9.812] (II) LoadModule: "glamoregl"
[     9.813] (II) Loading /usr/lib64/xorg/modules/libglamoregl.so
[     9.879] (II) Module glamoregl: vendor="X.Org Foundation"
[     9.879] 	compiled for 1.20.11, module version = 1.0.1
[     9.879] 	ABI class: X.Org ANSI C Emulation, version 0.4
[    12.538] (II) modeset(0): glamor X acceleration enabled on NV124
[    12.538] (II) modeset(0): glamor initialized
[    12.550] (II) modeset(0): Output DVI-I-1 has no monitor section
[    12.552] (II) modeset(0): Output DVI-D-1 has no monitor section
[    12.624] (II) modeset(0): Output HDMI-1 has no monitor section
[    12.675] (II) modeset(0): Output DP-1 has no monitor section
[    12.687] (II) modeset(0): EDID for output DVI-I-1
[    12.688] (II) modeset(0): EDID for output DVI-D-1
[    12.759] (II) modeset(0): EDID for output HDMI-1
[    12.759] (II) modeset(0): Manufacturer: AOC  Model: 2702  Serial#: 360463
[    12.759] (II) modeset(0): Year: 2021  Week: 14
[    12.759] (II) modeset(0): EDID Version: 1.3
[    12.759] (II) modeset(0): Digital Display Input
[    12.759] (II) modeset(0): Max Image Size [cm]: horiz.: 60  vert.: 34
[    12.759] (II) modeset(0): Gamma: 2.20
[    12.759] (II) modeset(0): DPMS capabilities: Off
[    12.759] (II) modeset(0): Supported color encodings: RGB 4:4:4 YCrCb 4:4:4 
[    12.759] (II) modeset(0): First detailed timing is preferred mode
[    12.759] (II) modeset(0): redX: 0.660 redY: 0.313   greenX: 0.272 greenY: 0.641
[    12.759] (II) modeset(0): blueX: 0.154 blueY: 0.054   whiteX: 0.313 whiteY: 0.329
[    12.759] (II) modeset(0): Supported established timings:
[    12.759] (II) modeset(0): 720x400@70Hz
[    12.759] (II) modeset(0): 640x480@60Hz
[    12.759] (II) modeset(0): 640x480@67Hz
[    12.759] (II) modeset(0): 640x480@72Hz
[    12.759] (II) modeset(0): 640x480@75Hz
[    12.759] (II) modeset(0): 800x600@56Hz
[    12.759] (II) modeset(0): 800x600@60Hz
[    12.759] (II) modeset(0): 800x600@72Hz
[    12.759] (II) modeset(0): 800x600@75Hz
[    12.759] (II) modeset(0): 832x624@75Hz
[    12.759] (II) modeset(0): 1024x768@60Hz
[    12.759] (II) modeset(0): 1024x768@70Hz
[    12.759] (II) modeset(0): 1024x768@75Hz
[    12.759] (II) modeset(0): 1280x1024@75Hz
[    12.759] (II) modeset(0): Manufacturer's mask: 0
[    12.759] (II) modeset(0): Supported standard timings:
[    12.759] (II) modeset(0): #0: hsize: 1920  vsize 1080  refresh: 60  vid: 49361
[    12.759] (II) modeset(0): #1: hsize: 1280  vsize 1024  refresh: 60  vid: 32897
[    12.760] (II) modeset(0): #2: hsize: 640  vsize 480  refresh: 100  vid: 26673
[    12.760] (II) modeset(0): #3: hsize: 640  vsize 480  refresh: 120  vid: 31793
[    12.760] (II) modeset(0): #4: hsize: 800  vsize 600  refresh: 100  vid: 26693
[    12.760] (II) modeset(0): #5: hsize: 800  vsize 600  refresh: 120  vid: 31813
[    12.760] (II) modeset(0): #6: hsize: 1024  vsize 768  refresh: 100  vid: 26721
[    12.760] (II) modeset(0): #7: hsize: 1024  vsize 768  refresh: 120  vid: 31841
[    12.760] (II) modeset(0): Supported detailed timing:
[    12.760] (II) modeset(0): clock: 148.5 MHz   Image Size:  598 x 336 mm
[    12.760] (II) modeset(0): h_active: 1920  h_sync: 2008  h_sync_end 2052 h_blank_end 2200 h_border: 0
[    12.760] (II) modeset(0): v_active: 1080  v_sync: 1084  v_sync_end 1089 v_blanking: 1125 v_border: 0
[    12.760] (II) modeset(0): Serial No: GYGM4HA360463
[    12.760] (II) modeset(0): Monitor name: 27G2G4
[    12.760] (II) modeset(0): Ranges: V min: 48 V max: 144 Hz, H min: 30 H max: 160 kHz, PixClock max 335 MHz
[    12.760] (II) modeset(0): Supported detailed timing:
[    12.760] (II) modeset(0): clock: 325.7 MHz   Image Size:  598 x 336 mm
[    12.760] (II) modeset(0): h_active: 1920  h_sync: 1944  h_sync_end 1976 h_blank_end 2056 h_border: 0
[    12.760] (II) modeset(0): v_active: 1080  v_sync: 1083  v_sync_end 1088 v_blanking: 1100 v_border: 0
[    12.760] (II) modeset(0): Supported detailed timing:
[    12.760] (II) modeset(0): clock: 285.5 MHz   Image Size:  598 x 336 mm
[    12.760] (II) modeset(0): h_active: 1920  h_sync: 1968  h_sync_end 2000 h_blank_end 2080 h_border: 0
[    12.760] (II) modeset(0): v_active: 1080  v_sync: 1083  v_sync_end 1088 v_blanking: 1144 v_border: 0
[    12.760] (II) modeset(0): Supported detailed timing:
[    12.760] (II) modeset(0): clock: 235.5 MHz   Image Size:  598 x 336 mm
[    12.760] (II) modeset(0): h_active: 1920  h_sync: 1968  h_sync_end 2000 h_blank_end 2080 h_border: 0
[    12.760] (II) modeset(0): v_active: 1080  v_sync: 1083  v_sync_end 1088 v_blanking: 1133 v_border: 0
[    12.760] (II) modeset(0): Supported detailed timing:
[    12.760] (II) modeset(0): clock: 174.5 MHz   Image Size:  598 x 336 mm
[    12.760] (II) modeset(0): h_active: 1920  h_sync: 1968  h_sync_end 2000 h_blank_end 2080 h_border: 0
[    12.760] (II) modeset(0): v_active: 1080  v_sync: 1083  v_sync_end 1088 v_blanking: 1119 v_border: 0
[    12.760] (II) modeset(0): Number of EDID sections to follow: 1
[    12.760] (II) modeset(0): EDID (in hex):
[    12.760] (II) modeset(0): 	00ffffffffffff0005e302270f800500
[    12.760] (II) modeset(0): 	0e1f0103803c22782a1cb5a95045a427
[    12.760] (II) modeset(0): 	0d5054bfef00d1c081803168317c4568
[    12.760] (II) modeset(0): 	457c6168617c023a801871382d40582c
[    12.760] (II) modeset(0): 	450056502100001e000000ff00475947
[    12.760] (II) modeset(0): 	4d344841333630343633000000fc0032
[    12.760] (II) modeset(0): 	37473247340a202020202020000000fd
[    12.760] (II) modeset(0): 	0030901ea021000a2020202020200143
[    12.760] (II) modeset(0): 	02032ff14c101f051404130312021101
[    12.760] (II) modeset(0): 	3f230907078301000067030c00200000
[    12.760] (II) modeset(0): 	426d1a000002013090e6000000000037
[    12.760] (II) modeset(0): 	7f808870381440182035005650210000
[    12.760] (II) modeset(0): 	1e866f80a07038404030203500565021
[    12.760] (II) modeset(0): 	00001efe5b80a0703835403020350056
[    12.760] (II) modeset(0): 	502100001e2a4480a070382740302035
[    12.760] (II) modeset(0): 	0056502100001a00000000000000004c
[    12.760] (--) modeset(0): HDMI max TMDS frequency 330000KHz
[    12.760] (II) modeset(0): Printing probed modes for output HDMI-1
[    12.760] (II) modeset(0): Modeline "1920x1080"x60.0  148.50  1920 2008 2052 2200  1080 1084 1089 1125 +hsync +vsync (67.5 kHz eP)
[    12.760] (II) modeset(0): Modeline "1920x1080"x144.0  325.67  1920 1944 1976 2056  1080 1083 1088 1100 +hsync +vsync (158.4 kHz e)
[    12.760] (II) modeset(0): Modeline "1920x1080"x120.0  297.00  1920 2008 2052 2200  1080 1084 1089 1125 +hsync +vsync (135.0 kHz e)
[    12.760] (II) modeset(0): Modeline "1920x1080"x119.9  296.70  1920 2008 2052 2200  1080 1084 1089 1125 +hsync +vsync (134.9 kHz e)
[    12.760] (II) modeset(0): Modeline "1920x1080"x120.0  285.50  1920 1968 2000 2080  1080 1083 1088 1144 +hsync +vsync (137.3 kHz e)
[    12.760] (II) modeset(0): Modeline "1920x1080"x60.0  266.50  1920 1944 1960 2000  1080 1081 1084 1111 doublescan +hsync -vsync (133.2 kHz d)
[    12.760] (II) modeset(0): Modeline "1920x1080"x99.9  235.50  1920 1968 2000 2080  1080 1083 1088 1133 +hsync +vsync (113.2 kHz e)
[    12.760] (II) modeset(0): Modeline "1920x1080"x75.0  174.50  1920 1968 2000 2080  1080 1083 1088 1119 +hsync -vsync (83.9 kHz e)
[    12.760] (II) modeset(0): Modeline "1920x1080"x60.0  173.00  1920 2048 2248 2576  1080 1083 1088 1120 -hsync +vsync (67.2 kHz d)
[    12.760] (II) modeset(0): Modeline "1920x1080"x50.0  148.50  1920 2448 2492 2640  1080 1084 1089 1125 +hsync +vsync (56.2 kHz e)
[    12.760] (II) modeset(0): Modeline "1920x1080"x59.9  148.35  1920 2008 2052 2200  1080 1084 1089 1125 +hsync +vsync (67.4 kHz e)
[    12.760] (II) modeset(0): Modeline "1920x1080"x59.9  138.50  1920 1968 2000 2080  1080 1083 1088 1111 +hsync -vsync (66.6 kHz d)
[    12.760] (II) modeset(0): Modeline "1920x1080i"x60.0   74.25  1920 2008 2052 2200  1080 1084 1094 1125 interlace +hsync +vsync (33.8 kHz e)
[    12.760] (II) modeset(0): Modeline "1920x1080i"x50.0   74.25  1920 2448 2492 2640  1080 1084 1094 1125 interlace +hsync +vsync (28.1 kHz e)
[    12.760] (II) modeset(0): Modeline "1920x1080i"x59.9   74.18  1920 2008 2052 2200  1080 1084 1094 1125 interlace +hsync +vsync (33.7 kHz e)
[    12.760] (II) modeset(0): Modeline "1680x1050"x60.0  146.25  1680 1784 1960 2240  1050 1053 1059 1089 -hsync +vsync (65.3 kHz d)
[    12.760] (II) modeset(0): Modeline "1680x1050"x59.9  119.00  1680 1728 1760 1840  1050 1053 1059 1080 +hsync -vsync (64.7 kHz d)
[    12.760] (II) modeset(0): Modeline "1400x1050"x74.8  155.80  1400 1464 1784 1912  1050 1052 1064 1090 +hsync +vsync (81.5 kHz d)
[    12.760] (II) modeset(0): Modeline "1400x1050"x60.0  122.00  1400 1488 1640 1880  1050 1052 1064 1082 +hsync +vsync (64.9 kHz d)
[    12.760] (II) modeset(0): Modeline "1600x900"x60.0  246.00  1600 1728 1900 2200  900 901 904 932 doublescan -hsync +vsync (111.8 kHz d)
[    12.760] (II) modeset(0): Modeline "1600x900"x59.9  186.50  1600 1624 1640 1680  900 901 904 926 doublescan +hsync -vsync (111.0 kHz d)
[    12.760] (II) modeset(0): Modeline "1600x900"x59.9  118.25  1600 1696 1856 2112  900 903 908 934 -hsync +vsync (56.0 kHz d)
[    12.760] (II) modeset(0): Modeline "1600x900"x59.8   97.50  1600 1648 1680 1760  900 903 908 926 +hsync -vsync (55.4 kHz d)
[    12.760] (II) modeset(0): Modeline "1280x1024"x85.0  157.50  1280 1344 1504 1728  1024 1025 1028 1072 +hsync +vsync (91.1 kHz d)
[    12.760] (II) modeset(0): Modeline "1280x1024"x75.0  135.00  1280 1296 1440 1688  1024 1025 1028 1066 +hsync +vsync (80.0 kHz e)
[    12.760] (II) modeset(0): Modeline "1280x1024"x60.0  108.00  1280 1328 1440 1688  1024 1025 1028 1066 +hsync +vsync (64.0 kHz e)
[    12.760] (II) modeset(0): Modeline "1400x900"x60.0  103.50  1400 1480 1624 1848  900 903 913 934 -hsync +vsync (56.0 kHz d)
[    12.760] (II) modeset(0): Modeline "1400x900"x59.9   86.50  1400 1448 1480 1560  900 903 913 926 +hsync -vsync (55.4 kHz d)
[    12.760] (II) modeset(0): Modeline "1280x960"x85.0  148.50  1280 1344 1504 1728  960 961 964 1011 +hsync +vsync (85.9 kHz d)
[    12.760] (II) modeset(0): Modeline "1280x960"x60.0  108.00  1280 1376 1488 1800  960 961 964 1000 +hsync +vsync (60.0 kHz d)
[    12.760] (II) modeset(0): Modeline "1440x810"x60.0  198.12  1440 1548 1704 1968  810 811 814 839 doublescan -hsync +vsync (100.7 kHz d)
[    12.760] (II) modeset(0): Modeline "1440x810"x60.0  151.88  1440 1464 1480 1520  810 811 814 833 doublescan +hsync -vsync (99.9 kHz d)
[    12.760] (II) modeset(0): Modeline "1368x768"x59.9   85.25  1368 1440 1576 1784  768 771 781 798 -hsync +vsync (47.8 kHz d)
[    12.760] (II) modeset(0): Modeline "1368x768"x59.9   72.25  1368 1416 1448 1528  768 771 781 790 +hsync -vsync (47.3 kHz d)
[    12.760] (II) modeset(0): Modeline "1280x800"x60.0  174.25  1280 1380 1516 1752  800 801 804 829 doublescan -hsync +vsync (99.5 kHz d)
[    12.760] (II) modeset(0): Modeline "1280x800"x60.0  134.25  1280 1304 1320 1360  800 801 804 823 doublescan +hsync -vsync (98.7 kHz d)
[    12.760] (II) modeset(0): Modeline "1280x800"x59.8   83.50  1280 1352 1480 1680  800 803 809 831 -hsync +vsync (49.7 kHz d)
[    12.760] (II) modeset(0): Modeline "1280x800"x59.9   71.00  1280 1328 1360 1440  800 803 809 823 +hsync -vsync (49.3 kHz d)
[    12.760] (II) modeset(0): Modeline "1152x864"x75.0  108.00  1152 1216 1344 1600  864 865 868 900 +hsync +vsync (67.5 kHz d)
[    12.760] (II) modeset(0): Modeline "1280x720"x60.0  156.12  1280 1376 1512 1744  720 721 724 746 doublescan -hsync +vsync (89.5 kHz d)
[    12.760] (II) modeset(0): Modeline "1280x720"x60.0  120.75  1280 1304 1320 1360  720 721 724 740 doublescan +hsync -vsync (88.8 kHz d)
[    12.760] (II) modeset(0): Modeline "1280x720"x59.9   74.50  1280 1344 1472 1664  720 723 728 748 -hsync +vsync (44.8 kHz d)
[    12.760] (II) modeset(0): Modeline "1280x720"x60.0   74.25  1280 1390 1430 1650  720 725 730 750 +hsync +vsync (45.0 kHz e)
[    12.760] (II) modeset(0): Modeline "1280x720"x50.0   74.25  1280 1720 1760 1980  720 725 730 750 +hsync +vsync (37.5 kHz e)
[    12.760] (II) modeset(0): Modeline "1280x720"x59.9   74.18  1280 1390 1430 1650  720 725 730 750 +hsync +vsync (45.0 kHz e)
[    12.760] (II) modeset(0): Modeline "1280x720"x59.7   63.75  1280 1328 1360 1440  720 723 728 741 +hsync -vsync (44.3 kHz d)
[    12.760] (II) modeset(0): Modeline "1024x768"x85.0  194.02  1024 1108 1220 1416  768 768 770 806 doublescan -hsync +vsync (137.0 kHz d)
[    12.760] (II) modeset(0): Modeline "1024x768"x75.0  170.24  1024 1108 1220 1416  768 768 770 801 doublescan -hsync +vsync (120.2 kHz d)
[    12.760] (II) modeset(0): Modeline "1024x768"x60.0  133.47  1024 1100 1212 1400  768 768 770 794 doublescan -hsync +vsync (95.3 kHz d)
[    12.760] (II) modeset(0): Modeline "1024x768"x120.0  115.50  1024 1072 1104 1184  768 771 775 813 +hsync -vsync (97.6 kHz e)
[    12.760] (II) modeset(0): Modeline "1024x768"x85.0   94.50  1024 1072 1168 1376  768 769 772 808 +hsync +vsync (68.7 kHz d)
[    12.760] (II) modeset(0): Modeline "1024x768"x75.0   78.75  1024 1040 1136 1312  768 769 772 800 +hsync +vsync (60.0 kHz e)
[    12.760] (II) modeset(0): Modeline "1024x768"x70.1   75.00  1024 1048 1184 1328  768 771 777 806 -hsync -vsync (56.5 kHz e)
[    12.760] (II) modeset(0): Modeline "1024x768"x60.0   65.00  1024 1048 1184 1344  768 771 777 806 -hsync -vsync (48.4 kHz e)
[    12.760] (II) modeset(0): Modeline "1024x768i"x87.0   44.90  1024 1032 1208 1264  768 768 776 817 interlace +hsync +vsync (35.5 kHz d)
[    12.760] (II) modeset(0): Modeline "960x720"x85.0  170.68  960 1036 1144 1328  720 720 722 756 doublescan -hsync +vsync (128.5 kHz d)
[    12.760] (II) modeset(0): Modeline "960x720"x75.0  148.50  960 1032 1144 1320  720 720 722 750 doublescan -hsync +vsync (112.5 kHz d)
[    12.760] (II) modeset(0): Modeline "960x720"x60.0  117.00  960 1024 1128 1300  720 720 722 750 doublescan -hsync +vsync (90.0 kHz d)
[    12.760] (II) modeset(0): Modeline "928x696"x75.0  144.00  928 992 1104 1280  696 696 698 750 doublescan -hsync +vsync (112.5 kHz d)
[    12.760] (II) modeset(0): Modeline "928x696"x60.1  109.15  928 976 1088 1264  696 696 698 719 doublescan -hsync +vsync (86.4 kHz d)
[    12.760] (II) modeset(0): Modeline "896x672"x75.0  130.50  896 944 1052 1228  672 672 674 708 doublescan -hsync +vsync (106.3 kHz d)
[    12.760] (II) modeset(0): Modeline "896x672"x60.0  102.40  896 960 1060 1224  672 672 674 697 doublescan -hsync +vsync (83.7 kHz d)
[    12.760] (II) modeset(0): Modeline "1024x576"x60.0   98.50  1024 1092 1200 1376  576 577 580 597 doublescan -hsync +vsync (71.6 kHz d)
[    12.760] (II) modeset(0): Modeline "1024x576"x60.0   78.38  1024 1048 1064 1104  576 577 580 592 doublescan +hsync -vsync (71.0 kHz d)
[    12.760] (II) modeset(0): Modeline "1024x576"x59.9   46.50  1024 1064 1160 1296  576 579 584 599 -hsync +vsync (35.9 kHz d)
[    12.760] (II) modeset(0): Modeline "1024x576"x59.8   42.00  1024 1072 1104 1184  576 579 584 593 +hsync -vsync (35.5 kHz d)
[    12.760] (II) modeset(0): Modeline "960x600"x59.9   96.62  960 1028 1128 1296  600 601 604 622 doublescan -hsync +vsync (74.6 kHz d)
[    12.760] (II) modeset(0): Modeline "960x600"x60.0   77.00  960 984 1000 1040  600 601 604 617 doublescan +hsync -vsync (74.0 kHz d)
[    12.760] (II) modeset(0): Modeline "832x624"x74.6   57.28  832 864 928 1152  624 625 628 667 -hsync -vsync (49.7 kHz e)
[    12.760] (II) modeset(0): Modeline "960x540"x60.0   86.50  960 1024 1124 1288  540 541 544 560 doublescan -hsync +vsync (67.2 kHz d)
[    12.760] (II) modeset(0): Modeline "960x540"x60.0   69.25  960 984 1000 1040  540 541 544 555 doublescan +hsync -vsync (66.6 kHz d)
[    12.760] (II) modeset(0): Modeline "960x540"x59.6   40.75  960 992 1088 1216  540 543 548 562 -hsync +vsync (33.5 kHz d)
[    12.760] (II) modeset(0): Modeline "960x540"x59.8   37.25  960 1008 1040 1120  540 543 548 556 +hsync -vsync (33.3 kHz d)
[    12.760] (II) modeset(0): Modeline "800x600"x85.0  114.75  800 832 928 1080  600 600 602 625 doublescan +hsync +vsync (106.2 kHz d)
[    12.760] (II) modeset(0): Modeline "800x600"x75.0  101.25  800 832 928 1080  600 600 602 625 doublescan +hsync +vsync (93.8 kHz d)
[    12.760] (II) modeset(0): Modeline "800x600"x70.0   94.50  800 832 928 1080  600 600 602 625 doublescan +hsync +vsync (87.5 kHz d)
[    12.760] (II) modeset(0): Modeline "800x600"x65.0   87.75  800 832 928 1080  600 600 602 625 doublescan +hsync +vsync (81.2 kHz d)
[    12.760] (II) modeset(0): Modeline "800x600"x60.0   81.00  800 832 928 1080  600 600 602 625 doublescan +hsync +vsync (75.0 kHz d)
[    12.760] (II) modeset(0): Modeline "800x600"x120.0   73.25  800 848 880 960  600 603 607 636 +hsync -vsync (76.3 kHz e)
[    12.760] (II) modeset(0): Modeline "800x600"x85.1   56.30  800 832 896 1048  600 601 604 631 +hsync +vsync (53.7 kHz d)
[    12.760] (II) modeset(0): Modeline "800x600"x72.2   50.00  800 856 976 1040  600 637 643 666 +hsync +vsync (48.1 kHz e)
[    12.760] (II) modeset(0): Modeline "800x600"x75.0   49.50  800 816 896 1056  600 601 604 625 +hsync +vsync (46.9 kHz e)
[    12.760] (II) modeset(0): Modeline "800x600"x60.3   40.00  800 840 968 1056  600 601 605 628 +hsync +vsync (37.9 kHz e)
[    12.760] (II) modeset(0): Modeline "800x600"x56.2   36.00  800 824 896 1024  600 601 603 625 +hsync +vsync (35.2 kHz e)
[    12.760] (II) modeset(0): Modeline "840x525"x60.0   73.12  840 892 980 1120  525 526 529 544 doublescan -hsync +vsync (65.3 kHz d)
[    12.760] (II) modeset(0): Modeline "840x525"x59.9   59.50  840 864 880 920  525 526 529 540 doublescan +hsync -vsync (64.7 kHz d)
[    12.760] (II) modeset(0): Modeline "864x486"x59.9   32.50  864 888 968 1072  486 489 494 506 -hsync +vsync (30.3 kHz d)
[    12.760] (II) modeset(0): Modeline "864x486"x59.6   30.50  864 912 944 1024  486 489 494 500 +hsync -vsync (29.8 kHz d)
[    12.760] (II) modeset(0): Modeline "720x576"x50.0   27.00  720 732 796 864  576 581 586 625 -hsync -vsync (31.2 kHz e)
[    12.760] (II) modeset(0): Modeline "700x525"x74.8   77.90  700 732 892 956  525 526 532 545 doublescan +hsync +vsync (81.5 kHz d)
[    12.760] (II) modeset(0): Modeline "700x525"x60.0   61.00  700 744 820 940  525 526 532 541 doublescan +hsync +vsync (64.9 kHz d)
[    12.760] (II) modeset(0): Modeline "800x450"x59.9   59.12  800 848 928 1056  450 451 454 467 doublescan -hsync +vsync (56.0 kHz d)
[    12.760] (II) modeset(0): Modeline "800x450"x59.8   48.75  800 824 840 880  450 451 454 463 doublescan +hsync -vsync (55.4 kHz d)
[    12.760] (II) modeset(0): Modeline "720x480"x60.0   27.03  720 736 798 858  480 489 495 525 -hsync -vsync (31.5 kHz e)
[    12.760] (II) modeset(0): Modeline "720x480"x59.9   27.00  720 736 798 858  480 489 495 525 -hsync -vsync (31.5 kHz e)
[    12.760] (II) modeset(0): Modeline "640x512"x85.0   78.75  640 672 752 864  512 512 514 536 doublescan +hsync +vsync (91.1 kHz d)
[    12.760] (II) modeset(0): Modeline "640x512"x75.0   67.50  640 648 720 844  512 512 514 533 doublescan +hsync +vsync (80.0 kHz d)
[    12.760] (II) modeset(0): Modeline "640x512"x60.0   54.00  640 664 720 844  512 512 514 533 doublescan +hsync +vsync (64.0 kHz d)
[    12.760] (II) modeset(0): Modeline "700x450"x60.0   51.75  700 740 812 924  450 451 456 467 doublescan -hsync +vsync (56.0 kHz d)
[    12.760] (II) modeset(0): Modeline "700x450"x59.9   43.25  700 724 740 780  450 451 456 463 doublescan +hsync -vsync (55.4 kHz d)
[    12.760] (II) modeset(0): Modeline "640x480"x85.1   74.25  640 672 752 864  480 480 482 505 doublescan +hsync +vsync (85.9 kHz d)
[    12.760] (II) modeset(0): Modeline "640x480"x60.0   54.00  640 688 744 900  480 480 482 500 doublescan +hsync +vsync (60.0 kHz d)
[    12.760] (II) modeset(0): Modeline "640x480"x85.0   36.00  640 696 752 832  480 481 484 509 -hsync -vsync (43.3 kHz d)
[    12.760] (II) modeset(0): Modeline "640x480"x75.0   31.50  640 656 720 840  480 481 484 500 -hsync -vsync (37.5 kHz e)
[    12.760] (II) modeset(0): Modeline "640x480"x72.8   31.50  640 664 704 832  480 489 492 520 -hsync -vsync (37.9 kHz e)
[    12.760] (II) modeset(0): Modeline "640x480"x75.0   31.50  640 656 720 840  480 481 484 500 -hsync -vsync (37.5 kHz d)
[    12.760] (II) modeset(0): Modeline "640x480"x66.7   30.24  640 704 768 864  480 483 486 525 -hsync -vsync (35.0 kHz e)
[    12.760] (II) modeset(0): Modeline "640x480"x60.0   25.20  640 656 752 800  480 490 492 525 -hsync -vsync (31.5 kHz e)
[    12.760] (II) modeset(0): Modeline "640x480"x59.9   25.18  640 656 752 800  480 490 492 525 -hsync -vsync (31.5 kHz e)
[    12.760] (II) modeset(0): Modeline "720x405"x59.5   22.50  720 744 808 896  405 408 413 422 -hsync +vsync (25.1 kHz d)
[    12.760] (II) modeset(0): Modeline "720x405"x59.0   21.75  720 768 800 880  405 408 413 419 +hsync -vsync (24.7 kHz d)
[    12.760] (II) modeset(0): Modeline "720x400"x85.0   35.50  720 756 828 936  400 401 404 446 -hsync +vsync (37.9 kHz d)
[    12.760] (II) modeset(0): Modeline "720x400"x70.1   28.32  720 738 846 900  400 412 414 449 -hsync +vsync (31.5 kHz e)
[    12.760] (II) modeset(0): Modeline "684x384"x59.9   42.62  684 720 788 892  384 385 390 399 doublescan -hsync +vsync (47.8 kHz d)
[    12.760] (II) modeset(0): Modeline "684x384"x59.9   36.12  684 708 724 764  384 385 390 395 doublescan +hsync -vsync (47.3 kHz d)
[    12.760] (II) modeset(0): Modeline "640x400"x59.9   41.75  640 676 740 840  400 401 404 415 doublescan -hsync +vsync (49.7 kHz d)
[    12.760] (II) modeset(0): Modeline "640x400"x60.0   35.50  640 664 680 720  400 401 404 411 doublescan +hsync -vsync (49.3 kHz d)
[    12.760] (II) modeset(0): Modeline "640x400"x85.1   31.50  640 672 736 832  400 401 404 445 -hsync +vsync (37.9 kHz d)
[    12.760] (II) modeset(0): Modeline "576x432"x75.0   54.00  576 608 672 800  432 432 434 450 doublescan +hsync +vsync (67.5 kHz d)
[    12.760] (II) modeset(0): Modeline "640x360"x59.9   37.25  640 672 736 832  360 361 364 374 doublescan -hsync +vsync (44.8 kHz d)
[    12.760] (II) modeset(0): Modeline "640x360"x59.8   31.88  640 664 680 720  360 361 364 370 doublescan +hsync -vsync (44.3 kHz d)
[    12.760] (II) modeset(0): Modeline "640x360"x59.8   18.00  640 664 720 800  360 363 368 376 -hsync +vsync (22.5 kHz d)
[    12.760] (II) modeset(0): Modeline "640x360"x59.3   17.75  640 688 720 800  360 363 368 374 +hsync -vsync (22.2 kHz d)
[    12.760] (II) modeset(0): Modeline "640x350"x85.1   31.50  640 672 736 832  350 382 385 445 +hsync -vsync (37.9 kHz d)
[    12.760] (II) modeset(0): Modeline "512x384"x85.0   47.25  512 536 584 688  384 384 386 404 doublescan +hsync +vsync (68.7 kHz d)
[    12.760] (II) modeset(0): Modeline "512x384"x75.0   39.38  512 520 568 656  384 384 386 400 doublescan +hsync +vsync (60.0 kHz d)
[    12.760] (II) modeset(0): Modeline "512x384"x70.1   37.50  512 524 592 664  384 385 388 403 doublescan -hsync -vsync (56.5 kHz d)
[    12.760] (II) modeset(0): Modeline "512x384"x60.0   32.50  512 524 592 672  384 385 388 403 doublescan -hsync -vsync (48.4 kHz d)
[    12.760] (II) modeset(0): Modeline "512x384i"x87.1   22.45  512 516 604 632  384 384 388 408 interlace doublescan +hsync +vsync (35.5 kHz d)
[    12.760] (II) modeset(0): Modeline "512x288"x60.0   23.25  512 532 580 648  288 289 292 299 doublescan -hsync +vsync (35.9 kHz d)
[    12.760] (II) modeset(0): Modeline "512x288"x59.9   21.00  512 536 552 592  288 289 292 296 doublescan +hsync -vsync (35.5 kHz d)
[    12.760] (II) modeset(0): Modeline "416x312"x74.7   28.64  416 432 464 576  312 312 314 333 doublescan -hsync -vsync (49.7 kHz d)
[    12.760] (II) modeset(0): Modeline "480x270"x59.6   20.38  480 496 544 608  270 271 274 281 doublescan -hsync +vsync (33.5 kHz d)
[    12.760] (II) modeset(0): Modeline "480x270"x59.8   18.62  480 504 520 560  270 271 274 278 doublescan +hsync -vsync (33.3 kHz d)
[    12.760] (II) modeset(0): Modeline "400x300"x85.3   28.15  400 416 448 524  300 300 302 315 doublescan +hsync +vsync (53.7 kHz d)
[    12.760] (II) modeset(0): Modeline "400x300"x72.2   25.00  400 428 488 520  300 318 321 333 doublescan +hsync +vsync (48.1 kHz d)
[    12.760] (II) modeset(0): Modeline "400x300"x75.1   24.75  400 408 448 528  300 300 302 312 doublescan +hsync +vsync (46.9 kHz d)
[    12.760] (II) modeset(0): Modeline "400x300"x60.3   20.00  400 420 484 528  300 300 302 314 doublescan +hsync +vsync (37.9 kHz d)
[    12.760] (II) modeset(0): Modeline "400x300"x56.3   18.00  400 412 448 512  300 300 301 312 doublescan +hsync +vsync (35.2 kHz d)
[    12.760] (II) modeset(0): Modeline "432x243"x59.9   16.25  432 444 484 536  243 244 247 253 doublescan -hsync +vsync (30.3 kHz d)
[    12.760] (II) modeset(0): Modeline "432x243"x59.6   15.25  432 456 472 512  243 244 247 250 doublescan +hsync -vsync (29.8 kHz d)
[    12.760] (II) modeset(0): Modeline "320x240"x85.2   18.00  320 348 376 416  240 240 242 254 doublescan -hsync -vsync (43.3 kHz d)
[    12.760] (II) modeset(0): Modeline "320x240"x72.8   15.75  320 332 352 416  240 244 246 260 doublescan -hsync -vsync (37.9 kHz d)
[    12.760] (II) modeset(0): Modeline "320x240"x75.0   15.75  320 328 360 420  240 240 242 250 doublescan -hsync -vsync (37.5 kHz d)
[    12.760] (II) modeset(0): Modeline "320x240"x60.1   12.59  320 328 376 400  240 245 246 262 doublescan -hsync -vsync (31.5 kHz d)
[    12.760] (II) modeset(0): Modeline "360x202"x59.5   11.25  360 372 404 448  202 204 206 211 doublescan -hsync +vsync (25.1 kHz d)
[    12.760] (II) modeset(0): Modeline "360x202"x59.1   10.88  360 384 400 440  202 204 206 209 doublescan +hsync -vsync (24.7 kHz d)
[    12.761] (II) modeset(0): Modeline "360x200"x85.0   17.75  360 378 414 468  200 200 202 223 doublescan -hsync +vsync (37.9 kHz d)
[    12.761] (II) modeset(0): Modeline "320x200"x85.3   15.75  320 336 368 416  200 200 202 222 doublescan -hsync +vsync (37.9 kHz d)
[    12.761] (II) modeset(0): Modeline "320x180"x59.8    9.00  320 332 360 400  180 181 184 188 doublescan -hsync +vsync (22.5 kHz d)
[    12.761] (II) modeset(0): Modeline "320x180"x59.3    8.88  320 344 360 400  180 181 184 187 doublescan +hsync -vsync (22.2 kHz d)
[    12.761] (II) modeset(0): Modeline "320x175"x85.3   15.75  320 336 368 416  175 191 192 222 doublescan +hsync -vsync (37.9 kHz d)
[    12.812] (II) modeset(0): EDID for output DP-1
[    12.812] (II) modeset(0): Output DVI-I-1 disconnected
[    12.812] (II) modeset(0): Output DVI-D-1 disconnected
[    12.812] (II) modeset(0): Output HDMI-1 connected
[    12.812] (II) modeset(0): Output DP-1 disconnected
[    12.812] (II) modeset(0): Using exact sizes for initial modes
[    12.812] (II) modeset(0): Output HDMI-1 using initial mode 1920x1080 +0+0
[    12.812] (==) modeset(0): Using gamma correction (1.0, 1.0, 1.0)
[    12.812] (==) modeset(0): DPI set to (96, 96)
[    12.812] (II) Loading sub module "fb"
[    12.812] (II) LoadModule: "fb"
[    12.812] (II) Loading /usr/lib64/xorg/modules/libfb.so
[    12.820] (II) Module fb: vendor="X.Org Foundation"
[    12.820] 	compiled for 1.20.11, module version = 1.0.0
[    12.820] 	ABI class: X.Org ANSI C Emulation, version 0.4
[    12.820] (II) UnloadModule: "fbdev"
[    12.820] (II) Unloading fbdev
[    12.820] (II) UnloadSubModule: "fbdevhw"
[    12.820] (II) Unloading fbdevhw
[    12.820] (II) UnloadModule: "vesa"
[    12.820] (II) Unloading vesa
[    12.934] (==) modeset(0): Backing store enabled
[    12.934] (==) modeset(0): Silken mouse enabled
[    12.936] (II) modeset(0): Initializing kms color map for depth 24, 8 bpc.
[    12.936] (==) modeset(0): DPMS enabled
[    12.936] (II) modeset(0): [DRI2] Setup complete
[    12.936] (II) modeset(0): [DRI2]   DRI driver: nouveau
[    12.936] (II) modeset(0): [DRI2]   VDPAU driver: nouveau
[    12.936] (II) Initializing extension Generic Event Extension
[    12.936] (II) Initializing extension SHAPE
[    12.936] (II) Initializing extension MIT-SHM
[    12.936] (II) Initializing extension XInputExtension
[    12.936] (II) Initializing extension XTEST
[    12.936] (II) Initializing extension BIG-REQUESTS
[    12.936] (II) Initializing extension SYNC
[    12.936] (II) Initializing extension XKEYBOARD
[    12.936] (II) Initializing extension XC-MISC
[    12.936] (II) Initializing extension XFIXES
[    12.936] (II) Initializing extension RENDER
[    12.936] (II) Initializing extension RANDR
[    12.936] (II) Initializing extension COMPOSITE
[    12.936] (II) Initializing extension DAMAGE
[    12.936] (II) Initializing extension MIT-SCREEN-SAVER
[    12.936] (II) Initializing extension DOUBLE-BUFFER
[    12.936] (II) Initializing extension RECORD
[    12.936] (II) Initializing extension DPMS
[    12.936] (II) Initializing extension Present
[    12.936] (II) Initializing extension DRI3
[    12.936] (II) Initializing extension X-Resource
[    12.936] (II) Initializing extension XVideo
[    12.936] (II) Initializing extension XVideo-MotionCompensation
[    12.936] (II) Initializing extension GLX
[    12.941] (II) AIGLX: Loaded and initialized nouveau
[    12.941] (II) GLX: Initialized DRI2 GL provider for screen 0
[    12.941] (II) Initializing extension XFree86-VidModeExtension
[    12.941] (II) Initializing extension XFree86-DGA
[    12.941] (II) Initializing extension XFree86-DRI
[    12.941] (II) Initializing extension DRI2
[    12.947] (II) modeset(0): Damage tracking initialized
[    12.947] (II) modeset(0): Setting screen physical size to 508 x 285
[    13.077] (II) config/udev: Adding input device Power Button (/dev/input/event1)
[    13.077] (**) Power Button: Applying InputClass "evdev keyboard catchall"
[    13.077] (**) Power Button: Applying InputClass "keyboard-all"
[    13.077] (II) LoadModule: "evdev"
[    13.077] (II) Loading /usr/lib64/xorg/modules/input/evdev_drv.so
[    13.100] (II) Module evdev: vendor="X.Org Foundation"
[    13.100] 	compiled for 1.20.10, module version = 2.10.6
[    13.100] 	Module class: X.Org XInput Driver
[    13.100] 	ABI class: X.Org XInput driver, version 24.1
[    13.100] (II) Using input driver 'evdev' for 'Power Button'
[    13.100] (**) Power Button: always reports core events
[    13.100] (**) evdev: Power Button: Device: "/dev/input/event1"
[    13.100] (--) evdev: Power Button: Vendor 0 Product 0x1
[    13.100] (--) evdev: Power Button: Found keys
[    13.100] (II) evdev: Power Button: Configuring as keyboard
[    13.101] (**) Option "config_info" "udev:/sys/devices/LNXSYSTM:00/LNXPWRBN:00/input/input1/event1"
[    13.101] (II) XINPUT: Adding extended input device "Power Button" (type: KEYBOARD, id 6)
[    13.101] (**) Option "xkb_rules" "evdev"
[    13.101] (**) Option "xkb_layout" "us"
[    13.101] (**) Option "xkb_options" "terminate:ctrl_alt_bksp"
[    13.124] (II) config/udev: Adding input device Power Button (/dev/input/event0)
[    13.124] (**) Power Button: Applying InputClass "evdev keyboard catchall"
[    13.124] (**) Power Button: Applying InputClass "keyboard-all"
[    13.124] (II) Using input driver 'evdev' for 'Power Button'
[    13.124] (**) Power Button: always reports core events
[    13.124] (**) evdev: Power Button: Device: "/dev/input/event0"
[    13.124] (--) evdev: Power Button: Vendor 0 Product 0x1
[    13.124] (--) evdev: Power Button: Found keys
[    13.124] (II) evdev: Power Button: Configuring as keyboard
[    13.124] (**) Option "config_info" "udev:/sys/devices/LNXSYSTM:00/LNXSYBUS:00/PNP0C0C:00/input/input0/event0"
[    13.124] (II) XINPUT: Adding extended input device "Power Button" (type: KEYBOARD, id 7)
[    13.124] (**) Option "xkb_rules" "evdev"
[    13.124] (**) Option "xkb_layout" "us"
[    13.124] (**) Option "xkb_options" "terminate:ctrl_alt_bksp"
[    13.124] (II) config/udev: Adding input device HDA NVidia HDMI/DP,pcm=3 (/dev/input/event11)
[    13.124] (II) No input driver specified, ignoring this device.
[    13.124] (II) This device may have been added with another device file.
[    13.124] (II) config/udev: Adding input device HDA NVidia HDMI/DP,pcm=7 (/dev/input/event12)
[    13.124] (II) No input driver specified, ignoring this device.
[    13.124] (II) This device may have been added with another device file.
[    13.124] (II) config/udev: Adding input device HDA NVidia HDMI/DP,pcm=8 (/dev/input/event13)
[    13.124] (II) No input driver specified, ignoring this device.
[    13.124] (II) This device may have been added with another device file.
[    13.125] (II) config/udev: Adding input device HDA NVidia HDMI/DP,pcm=9 (/dev/input/event14)
[    13.125] (II) No input driver specified, ignoring this device.
[    13.125] (II) This device may have been added with another device file.
[    13.125] (II) config/udev: Adding input device HDA NVidia HDMI/DP,pcm=10 (/dev/input/event15)
[    13.125] (II) No input driver specified, ignoring this device.
[    13.125] (II) This device may have been added with another device file.
[    13.125] (II) config/udev: Adding input device HDA NVidia HDMI/DP,pcm=11 (/dev/input/event16)
[    13.125] (II) No input driver specified, ignoring this device.
[    13.125] (II) This device may have been added with another device file.
[    13.125] (II) config/udev: Adding input device HDA NVidia HDMI/DP,pcm=12 (/dev/input/event17)
[    13.125] (II) No input driver specified, ignoring this device.
[    13.125] (II) This device may have been added with another device file.
[    13.125] (II) config/udev: Adding input device Lenovo Lenovo Calliope USB Keyboard (/dev/input/event2)
[    13.125] (**) Lenovo Lenovo Calliope USB Keyboard: Applying InputClass "evdev keyboard catchall"
[    13.125] (**) Lenovo Lenovo Calliope USB Keyboard: Applying InputClass "keyboard-all"
[    13.125] (II) Using input driver 'evdev' for 'Lenovo Lenovo Calliope USB Keyboard'
[    13.125] (**) Lenovo Lenovo Calliope USB Keyboard: always reports core events
[    13.125] (**) evdev: Lenovo Lenovo Calliope USB Keyboard: Device: "/dev/input/event2"
[    13.125] (--) evdev: Lenovo Lenovo Calliope USB Keyboard: Vendor 0x17ef Product 0x608c
[    13.125] (--) evdev: Lenovo Lenovo Calliope USB Keyboard: Found keys
[    13.125] (II) evdev: Lenovo Lenovo Calliope USB Keyboard: Configuring as keyboard
[    13.125] (**) Option "config_info" "udev:/sys/devices/pci0000:00/0000:00:07.1/0000:07:00.3/usb3/3-1/3-1:1.0/0003:17EF:608C.0001/input/input2/event2"
[    13.125] (II) XINPUT: Adding extended input device "Lenovo Lenovo Calliope USB Keyboard" (type: KEYBOARD, id 8)
[    13.125] (**) Option "xkb_rules" "evdev"
[    13.125] (**) Option "xkb_layout" "us"
[    13.125] (**) Option "xkb_options" "terminate:ctrl_alt_bksp"
[    13.126] (II) config/udev: Adding input device Lenovo Lenovo Calliope USB Keyboard System Control (/dev/input/event3)
[    13.126] (**) Lenovo Lenovo Calliope USB Keyboard System Control: Applying InputClass "evdev keyboard catchall"
[    13.126] (**) Lenovo Lenovo Calliope USB Keyboard System Control: Applying InputClass "keyboard-all"
[    13.126] (II) Using input driver 'evdev' for 'Lenovo Lenovo Calliope USB Keyboard System Control'
[    13.126] (**) Lenovo Lenovo Calliope USB Keyboard System Control: always reports core events
[    13.126] (**) evdev: Lenovo Lenovo Calliope USB Keyboard System Control: Device: "/dev/input/event3"
[    13.126] (--) evdev: Lenovo Lenovo Calliope USB Keyboard System Control: Vendor 0x17ef Product 0x608c
[    13.126] (--) evdev: Lenovo Lenovo Calliope USB Keyboard System Control: Found keys
[    13.126] (II) evdev: Lenovo Lenovo Calliope USB Keyboard System Control: Configuring as keyboard
[    13.126] (**) Option "config_info" "udev:/sys/devices/pci0000:00/0000:00:07.1/0000:07:00.3/usb3/3-1/3-1:1.1/0003:17EF:608C.0002/input/input3/event3"
[    13.126] (II) XINPUT: Adding extended input device "Lenovo Lenovo Calliope USB Keyboard System Control" (type: KEYBOARD, id 9)
[    13.126] (**) Option "xkb_rules" "evdev"
[    13.126] (**) Option "xkb_layout" "us"
[    13.126] (**) Option "xkb_options" "terminate:ctrl_alt_bksp"
[    13.126] (II) config/udev: Adding input device Lenovo Lenovo Calliope USB Keyboard Consumer Control (/dev/input/event4)
[    13.126] (**) Lenovo Lenovo Calliope USB Keyboard Consumer Control: Applying InputClass "evdev keyboard catchall"
[    13.126] (**) Lenovo Lenovo Calliope USB Keyboard Consumer Control: Applying InputClass "keyboard-all"
[    13.126] (II) Using input driver 'evdev' for 'Lenovo Lenovo Calliope USB Keyboard Consumer Control'
[    13.126] (**) Lenovo Lenovo Calliope USB Keyboard Consumer Control: always reports core events
[    13.126] (**) evdev: Lenovo Lenovo Calliope USB Keyboard Consumer Control: Device: "/dev/input/event4"
[    13.126] (--) evdev: Lenovo Lenovo Calliope USB Keyboard Consumer Control: Vendor 0x17ef Product 0x608c
[    13.126] (--) evdev: Lenovo Lenovo Calliope USB Keyboard Consumer Control: Found 1 mouse buttons
[    13.126] (--) evdev: Lenovo Lenovo Calliope USB Keyboard Consumer Control: Found keys
[    13.126] (II) evdev: Lenovo Lenovo Calliope USB Keyboard Consumer Control: Forcing relative x/y axes to exist.
[    13.126] (II) evdev: Lenovo Lenovo Calliope USB Keyboard Consumer Control: Configuring as mouse
[    13.126] (II) evdev: Lenovo Lenovo Calliope USB Keyboard Consumer Control: Configuring as keyboard
[    13.126] (**) evdev: Lenovo Lenovo Calliope USB Keyboard Consumer Control: YAxisMapping: buttons 4 and 5
[    13.126] (**) evdev: Lenovo Lenovo Calliope USB Keyboard Consumer Control: EmulateWheelButton: 4, EmulateWheelInertia: 10, EmulateWheelTimeout: 200
[    13.126] (**) Option "config_info" "udev:/sys/devices/pci0000:00/0000:00:07.1/0000:07:00.3/usb3/3-1/3-1:1.1/0003:17EF:608C.0002/input/input4/event4"
[    13.127] (II) XINPUT: Adding extended input device "Lenovo Lenovo Calliope USB Keyboard Consumer Control" (type: KEYBOARD, id 10)
[    13.127] (**) Option "xkb_rules" "evdev"
[    13.127] (**) Option "xkb_layout" "us"
[    13.127] (**) Option "xkb_options" "terminate:ctrl_alt_bksp"
[    13.127] (II) evdev: Lenovo Lenovo Calliope USB Keyboard Consumer Control: initialized for relative axes.
[    13.127] (**) Lenovo Lenovo Calliope USB Keyboard Consumer Control: (accel) keeping acceleration scheme 1
[    13.127] (**) Lenovo Lenovo Calliope USB Keyboard Consumer Control: (accel) acceleration profile 0
[    13.127] (**) Lenovo Lenovo Calliope USB Keyboard Consumer Control: (accel) acceleration factor: 2.000
[    13.127] (**) Lenovo Lenovo Calliope USB Keyboard Consumer Control: (accel) acceleration threshold: 4
[    13.127] (II) config/udev: Adding input device Lenovo Lenovo Calliope USB Keyboard Consumer Control (/dev/input/js0)
[    13.127] (II) No input driver specified, ignoring this device.
[    13.127] (II) This device may have been added with another device file.
[    13.127] (II) config/udev: Adding input device PixArt lenovo USB Optical Mouse (/dev/input/event5)
[    13.127] (**) PixArt lenovo USB Optical Mouse: Applying InputClass "evdev pointer catchall"
[    13.127] (II) Using input driver 'evdev' for 'PixArt lenovo USB Optical Mouse'
[    13.127] (**) PixArt lenovo USB Optical Mouse: always reports core events
[    13.127] (**) evdev: PixArt lenovo USB Optical Mouse: Device: "/dev/input/event5"
[    13.127] (--) evdev: PixArt lenovo USB Optical Mouse: Vendor 0x17ef Product 0x608d
[    13.127] (--) evdev: PixArt lenovo USB Optical Mouse: Found 3 mouse buttons
[    13.127] (--) evdev: PixArt lenovo USB Optical Mouse: Found scroll wheel(s)
[    13.127] (--) evdev: PixArt lenovo USB Optical Mouse: Found relative axes
[    13.127] (--) evdev: PixArt lenovo USB Optical Mouse: Found x and y relative axes
[    13.127] (II) evdev: PixArt lenovo USB Optical Mouse: Configuring as mouse
[    13.127] (II) evdev: PixArt lenovo USB Optical Mouse: Adding scrollwheel support
[    13.127] (**) evdev: PixArt lenovo USB Optical Mouse: YAxisMapping: buttons 4 and 5
[    13.127] (**) evdev: PixArt lenovo USB Optical Mouse: EmulateWheelButton: 4, EmulateWheelInertia: 10, EmulateWheelTimeout: 200
[    13.127] (**) Option "config_info" "udev:/sys/devices/pci0000:00/0000:00:07.1/0000:07:00.3/usb3/3-2/3-2:1.0/0003:17EF:608D.0003/input/input5/event5"
[    13.127] (II) XINPUT: Adding extended input device "PixArt lenovo USB Optical Mouse" (type: MOUSE, id 11)
[    13.127] (II) evdev: PixArt lenovo USB Optical Mouse: initialized for relative axes.
[    13.127] (**) PixArt lenovo USB Optical Mouse: (accel) keeping acceleration scheme 1
[    13.127] (**) PixArt lenovo USB Optical Mouse: (accel) acceleration profile 0
[    13.127] (**) PixArt lenovo USB Optical Mouse: (accel) acceleration factor: 2.000
[    13.127] (**) PixArt lenovo USB Optical Mouse: (accel) acceleration threshold: 4
[    13.128] (II) config/udev: Adding input device PixArt lenovo USB Optical Mouse (/dev/input/mouse0)
[    13.128] (II) No input driver specified, ignoring this device.
[    13.128] (II) This device may have been added with another device file.
[    13.128] (II) config/udev: Adding input device HD-Audio Generic Front Headphone (/dev/input/event10)
[    13.128] (II) No input driver specified, ignoring this device.
[    13.128] (II) This device may have been added with another device file.
[    13.128] (II) config/udev: Adding input device HD-Audio Generic Front Mic (/dev/input/event6)
[    13.128] (II) No input driver specified, ignoring this device.
[    13.128] (II) This device may have been added with another device file.
[    13.128] (II) config/udev: Adding input device HD-Audio Generic Rear Mic (/dev/input/event7)
[    13.128] (II) No input driver specified, ignoring this device.
[    13.128] (II) This device may have been added with another device file.
[    13.128] (II) config/udev: Adding input device HD-Audio Generic Line (/dev/input/event8)
[    13.128] (II) No input driver specified, ignoring this device.
[    13.128] (II) This device may have been added with another device file.
[    13.129] (II) config/udev: Adding input device HD-Audio Generic Line Out (/dev/input/event9)
[    13.129] (II) No input driver specified, ignoring this device.
[    13.129] (II) This device may have been added with another device file.
[    13.153] (II) modeset(0): Disabling kernel dirty updates, not required.
[    14.888] (II) modeset(0): EDID vendor "AOC", prod id 9986
[    14.888] (II) modeset(0): Using EDID range info for horizontal sync
[    14.888] (II) modeset(0): Using EDID range info for vertical refresh
[    14.888] (II) modeset(0): Printing DDC gathered Modelines:
[    14.888] (II) modeset(0): Modeline "1920x1080"x0.0  148.50  1920 2008 2052 2200  1080 1084 1089 1125 +hsync +vsync (67.5 kHz eP)
[    14.888] (II) modeset(0): Modeline "1920x1080"x0.0  325.67  1920 1944 1976 2056  1080 1083 1088 1100 +hsync +vsync (158.4 kHz e)
[    14.888] (II) modeset(0): Modeline "1920x1080"x0.0  285.50  1920 1968 2000 2080  1080 1083 1088 1144 +hsync +vsync (137.3 kHz e)
[    14.888] (II) modeset(0): Modeline "1920x1080"x0.0  235.50  1920 1968 2000 2080  1080 1083 1088 1133 +hsync +vsync (113.2 kHz e)
[    14.888] (II) modeset(0): Modeline "1920x1080"x0.0  174.50  1920 1968 2000 2080  1080 1083 1088 1119 +hsync -vsync (83.9 kHz e)
[    14.888] (II) modeset(0): Modeline "1920x1080"x0.0  148.50  1920 2448 2492 2640  1080 1084 1089 1125 +hsync +vsync (56.2 kHz e)
[    14.888] (II) modeset(0): Modeline "1920x1080i"x0.0   74.25  1920 2008 2052 2200  1080 1084 1094 1125 interlace +hsync +vsync (33.8 kHz e)
[    14.888] (II) modeset(0): Modeline "1920x1080i"x0.0   74.25  1920 2448 2492 2640  1080 1084 1094 1125 interlace +hsync +vsync (28.1 kHz e)
[    14.888] (II) modeset(0): Modeline "1280x720"x0.0   74.25  1280 1390 1430 1650  720 725 730 750 +hsync +vsync (45.0 kHz e)
[    14.888] (II) modeset(0): Modeline "1280x720"x0.0   74.25  1280 1720 1760 1980  720 725 730 750 +hsync +vsync (37.5 kHz e)
[    14.888] (II) modeset(0): Modeline "720x480"x0.0   27.00  720 736 798 858  480 489 495 525 -hsync -vsync (31.5 kHz e)
[    14.888] (II) modeset(0): Modeline "720x576"x0.0   27.00  720 732 796 864  576 581 586 625 -hsync -vsync (31.2 kHz e)
[    14.888] (II) modeset(0): Modeline "640x480"x0.0   25.18  640 656 752 800  480 490 492 525 -hsync -vsync (31.5 kHz e)
[    14.888] (II) modeset(0): Modeline "1920x1080"x0.0  297.00  1920 2008 2052 2200  1080 1084 1089 1125 +hsync +vsync (135.0 kHz e)
[    14.888] (II) modeset(0): Modeline "800x600"x0.0   40.00  800 840 968 1056  600 601 605 628 +hsync +vsync (37.9 kHz e)
[    14.888] (II) modeset(0): Modeline "800x600"x0.0   36.00  800 824 896 1024  600 601 603 625 +hsync +vsync (35.2 kHz e)
[    14.888] (II) modeset(0): Modeline "640x480"x0.0   31.50  640 656 720 840  480 481 484 500 -hsync -vsync (37.5 kHz e)
[    14.888] (II) modeset(0): Modeline "640x480"x0.0   31.50  640 664 704 832  480 489 492 520 -hsync -vsync (37.9 kHz e)
[    14.888] (II) modeset(0): Modeline "640x480"x0.0   30.24  640 704 768 864  480 483 486 525 -hsync -vsync (35.0 kHz e)
[    14.888] (II) modeset(0): Modeline "720x400"x0.0   28.32  720 738 846 900  400 412 414 449 -hsync +vsync (31.5 kHz e)
[    14.888] (II) modeset(0): Modeline "1280x1024"x0.0  135.00  1280 1296 1440 1688  1024 1025 1028 1066 +hsync +vsync (80.0 kHz e)
[    14.888] (II) modeset(0): Modeline "1024x768"x0.0   78.75  1024 1040 1136 1312  768 769 772 800 +hsync +vsync (60.0 kHz e)
[    14.888] (II) modeset(0): Modeline "1024x768"x0.0   75.00  1024 1048 1184 1328  768 771 777 806 -hsync -vsync (56.5 kHz e)
[    14.888] (II) modeset(0): Modeline "1024x768"x0.0   65.00  1024 1048 1184 1344  768 771 777 806 -hsync -vsync (48.4 kHz e)
[    14.888] (II) modeset(0): Modeline "832x624"x0.0   57.28  832 864 928 1152  624 625 628 667 -hsync -vsync (49.7 kHz e)
[    14.888] (II) modeset(0): Modeline "800x600"x0.0   49.50  800 816 896 1056  600 601 604 625 +hsync +vsync (46.9 kHz e)
[    14.888] (II) modeset(0): Modeline "800x600"x0.0   50.00  800 856 976 1040  600 637 643 666 +hsync +vsync (48.1 kHz e)
[    14.888] (II) modeset(0): Modeline "1280x1024"x0.0  108.00  1280 1328 1440 1688  1024 1025 1028 1066 +hsync +vsync (64.0 kHz e)
[    14.888] (II) modeset(0): Modeline "640x480"x100.0   43.16  640 680 744 848  480 481 484 509 -hsync +vsync (50.9 kHz e)
[    14.888] (II) modeset(0): Modeline "640x480"x120.0   52.41  640 680 744 848  480 481 484 515 -hsync +vsync (61.8 kHz e)
[    14.888] (II) modeset(0): Modeline "800x600"x100.0   68.18  800 848 936 1072  600 601 604 636 -hsync +vsync (63.6 kHz e)
[    14.888] (II) modeset(0): Modeline "800x600"x0.0   73.25  800 848 880 960  600 603 607 636 +hsync -vsync (76.3 kHz e)
[    14.888] (II) modeset(0): Modeline "1024x768"x100.0  113.31  1024 1096 1208 1392  768 769 772 814 -hsync +vsync (81.4 kHz e)
[    14.888] (II) modeset(0): Modeline "1024x768"x0.0  115.50  1024 1072 1104 1184  768 771 775 813 +hsync -vsync (97.6 kHz e)
[    14.888] (--) modeset(0): HDMI max TMDS frequency 330000KHz
[    15.144] (II) modeset(0): EDID vendor "AOC", prod id 9986
[    15.145] (II) modeset(0): Using hsync ranges from config file
[    15.145] (II) modeset(0): Using vrefresh ranges from config file
[    15.145] (II) modeset(0): Printing DDC gathered Modelines:
[    15.145] (II) modeset(0): Modeline "1920x1080"x0.0  148.50  1920 2008 2052 2200  1080 1084 1089 1125 +hsync +vsync (67.5 kHz eP)
[    15.145] (II) modeset(0): Modeline "1920x1080"x0.0  325.67  1920 1944 1976 2056  1080 1083 1088 1100 +hsync +vsync (158.4 kHz e)
[    15.145] (II) modeset(0): Modeline "1920x1080"x0.0  285.50  1920 1968 2000 2080  1080 1083 1088 1144 +hsync +vsync (137.3 kHz e)
[    15.145] (II) modeset(0): Modeline "1920x1080"x0.0  235.50  1920 1968 2000 2080  1080 1083 1088 1133 +hsync +vsync (113.2 kHz e)
[    15.145] (II) modeset(0): Modeline "1920x1080"x0.0  174.50  1920 1968 2000 2080  1080 1083 1088 1119 +hsync -vsync (83.9 kHz e)
[    15.145] (II) modeset(0): Modeline "1920x1080"x0.0  148.50  1920 2448 2492 2640  1080 1084 1089 1125 +hsync +vsync (56.2 kHz e)
[    15.145] (II) modeset(0): Modeline "1920x1080i"x0.0   74.25  1920 2008 2052 2200  1080 1084 1094 1125 interlace +hsync +vsync (33.8 kHz e)
[    15.145] (II) modeset(0): Modeline "1920x1080i"x0.0   74.25  1920 2448 2492 2640  1080 1084 1094 1125 interlace +hsync +vsync (28.1 kHz e)
[    15.145] (II) modeset(0): Modeline "1280x720"x0.0   74.25  1280 1390 1430 1650  720 725 730 750 +hsync +vsync (45.0 kHz e)
[    15.145] (II) modeset(0): Modeline "1280x720"x0.0   74.25  1280 1720 1760 1980  720 725 730 750 +hsync +vsync (37.5 kHz e)
[    15.145] (II) modeset(0): Modeline "720x480"x0.0   27.00  720 736 798 858  480 489 495 525 -hsync -vsync (31.5 kHz e)
[    15.145] (II) modeset(0): Modeline "720x576"x0.0   27.00  720 732 796 864  576 581 586 625 -hsync -vsync (31.2 kHz e)
[    15.145] (II) modeset(0): Modeline "640x480"x0.0   25.18  640 656 752 800  480 490 492 525 -hsync -vsync (31.5 kHz e)
[    15.145] (II) modeset(0): Modeline "1920x1080"x0.0  297.00  1920 2008 2052 2200  1080 1084 1089 1125 +hsync +vsync (135.0 kHz e)
[    15.145] (II) modeset(0): Modeline "800x600"x0.0   40.00  800 840 968 1056  600 601 605 628 +hsync +vsync (37.9 kHz e)
[    15.145] (II) modeset(0): Modeline "800x600"x0.0   36.00  800 824 896 1024  600 601 603 625 +hsync +vsync (35.2 kHz e)
[    15.145] (II) modeset(0): Modeline "640x480"x0.0   31.50  640 656 720 840  480 481 484 500 -hsync -vsync (37.5 kHz e)
[    15.145] (II) modeset(0): Modeline "640x480"x0.0   31.50  640 664 704 832  480 489 492 520 -hsync -vsync (37.9 kHz e)
[    15.145] (II) modeset(0): Modeline "640x480"x0.0   30.24  640 704 768 864  480 483 486 525 -hsync -vsync (35.0 kHz e)
[    15.145] (II) modeset(0): Modeline "720x400"x0.0   28.32  720 738 846 900  400 412 414 449 -hsync +vsync (31.5 kHz e)
[    15.145] (II) modeset(0): Modeline "1280x1024"x0.0  135.00  1280 1296 1440 1688  1024 1025 1028 1066 +hsync +vsync (80.0 kHz e)
[    15.145] (II) modeset(0): Modeline "1024x768"x0.0   78.75  1024 1040 1136 1312  768 769 772 800 +hsync +vsync (60.0 kHz e)
[    15.145] (II) modeset(0): Modeline "1024x768"x0.0   75.00  1024 1048 1184 1328  768 771 777 806 -hsync -vsync (56.5 kHz e)
[    15.145] (II) modeset(0): Modeline "1024x768"x0.0   65.00  1024 1048 1184 1344  768 771 777 806 -hsync -vsync (48.4 kHz e)
[    15.145] (II) modeset(0): Modeline "832x624"x0.0   57.28  832 864 928 1152  624 625 628 667 -hsync -vsync (49.7 kHz e)
[    15.145] (II) modeset(0): Modeline "800x600"x0.0   49.50  800 816 896 1056  600 601 604 625 +hsync +vsync (46.9 kHz e)
[    15.145] (II) modeset(0): Modeline "800x600"x0.0   50.00  800 856 976 1040  600 637 643 666 +hsync +vsync (48.1 kHz e)
[    15.145] (II) modeset(0): Modeline "1280x1024"x0.0  108.00  1280 1328 1440 1688  1024 1025 1028 1066 +hsync +vsync (64.0 kHz e)
[    15.145] (II) modeset(0): Modeline "640x480"x100.0   43.16  640 680 744 848  480 481 484 509 -hsync +vsync (50.9 kHz e)
[    15.145] (II) modeset(0): Modeline "640x480"x120.0   52.41  640 680 744 848  480 481 484 515 -hsync +vsync (61.8 kHz e)
[    15.145] (II) modeset(0): Modeline "800x600"x100.0   68.18  800 848 936 1072  600 601 604 636 -hsync +vsync (63.6 kHz e)
[    15.145] (II) modeset(0): Modeline "800x600"x0.0   73.25  800 848 880 960  600 603 607 636 +hsync -vsync (76.3 kHz e)
[    15.145] (II) modeset(0): Modeline "1024x768"x100.0  113.31  1024 1096 1208 1392  768 769 772 814 -hsync +vsync (81.4 kHz e)
[    15.145] (II) modeset(0): Modeline "1024x768"x0.0  115.50  1024 1072 1104 1184  768 771 775 813 +hsync -vsync (97.6 kHz e)
[    15.145] (--) modeset(0): HDMI max TMDS frequency 330000KHz
[    15.359] (II) modeset(0): EDID vendor "AOC", prod id 9986
[    15.359] (II) modeset(0): Using hsync ranges from config file
[    15.359] (II) modeset(0): Using vrefresh ranges from config file
[    15.359] (II) modeset(0): Printing DDC gathered Modelines:
[    15.359] (II) modeset(0): Modeline "1920x1080"x0.0  148.50  1920 2008 2052 2200  1080 1084 1089 1125 +hsync +vsync (67.5 kHz eP)
[    15.359] (II) modeset(0): Modeline "1920x1080"x0.0  325.67  1920 1944 1976 2056  1080 1083 1088 1100 +hsync +vsync (158.4 kHz e)
[    15.359] (II) modeset(0): Modeline "1920x1080"x0.0  285.50  1920 1968 2000 2080  1080 1083 1088 1144 +hsync +vsync (137.3 kHz e)
[    15.359] (II) modeset(0): Modeline "1920x1080"x0.0  235.50  1920 1968 2000 2080  1080 1083 1088 1133 +hsync +vsync (113.2 kHz e)
[    15.359] (II) modeset(0): Modeline "1920x1080"x0.0  174.50  1920 1968 2000 2080  1080 1083 1088 1119 +hsync -vsync (83.9 kHz e)
[    15.359] (II) modeset(0): Modeline "1920x1080"x0.0  148.50  1920 2448 2492 2640  1080 1084 1089 1125 +hsync +vsync (56.2 kHz e)
[    15.359] (II) modeset(0): Modeline "1920x1080i"x0.0   74.25  1920 2008 2052 2200  1080 1084 1094 1125 interlace +hsync +vsync (33.8 kHz e)
[    15.359] (II) modeset(0): Modeline "1920x1080i"x0.0   74.25  1920 2448 2492 2640  1080 1084 1094 1125 interlace +hsync +vsync (28.1 kHz e)
[    15.359] (II) modeset(0): Modeline "1280x720"x0.0   74.25  1280 1390 1430 1650  720 725 730 750 +hsync +vsync (45.0 kHz e)
[    15.359] (II) modeset(0): Modeline "1280x720"x0.0   74.25  1280 1720 1760 1980  720 725 730 750 +hsync +vsync (37.5 kHz e)
[    15.359] (II) modeset(0): Modeline "720x480"x0.0   27.00  720 736 798 858  480 489 495 525 -hsync -vsync (31.5 kHz e)
[    15.359] (II) modeset(0): Modeline "720x576"x0.0   27.00  720 732 796 864  576 581 586 625 -hsync -vsync (31.2 kHz e)
[    15.359] (II) modeset(0): Modeline "640x480"x0.0   25.18  640 656 752 800  480 490 492 525 -hsync -vsync (31.5 kHz e)
[    15.359] (II) modeset(0): Modeline "1920x1080"x0.0  297.00  1920 2008 2052 2200  1080 1084 1089 1125 +hsync +vsync (135.0 kHz e)
[    15.359] (II) modeset(0): Modeline "800x600"x0.0   40.00  800 840 968 1056  600 601 605 628 +hsync +vsync (37.9 kHz e)
[    15.359] (II) modeset(0): Modeline "800x600"x0.0   36.00  800 824 896 1024  600 601 603 625 +hsync +vsync (35.2 kHz e)
[    15.359] (II) modeset(0): Modeline "640x480"x0.0   31.50  640 656 720 840  480 481 484 500 -hsync -vsync (37.5 kHz e)
[    15.359] (II) modeset(0): Modeline "640x480"x0.0   31.50  640 664 704 832  480 489 492 520 -hsync -vsync (37.9 kHz e)
[    15.359] (II) modeset(0): Modeline "640x480"x0.0   30.24  640 704 768 864  480 483 486 525 -hsync -vsync (35.0 kHz e)
[    15.359] (II) modeset(0): Modeline "720x400"x0.0   28.32  720 738 846 900  400 412 414 449 -hsync +vsync (31.5 kHz e)
[    15.359] (II) modeset(0): Modeline "1280x1024"x0.0  135.00  1280 1296 1440 1688  1024 1025 1028 1066 +hsync +vsync (80.0 kHz e)
[    15.359] (II) modeset(0): Modeline "1024x768"x0.0   78.75  1024 1040 1136 1312  768 769 772 800 +hsync +vsync (60.0 kHz e)
[    15.359] (II) modeset(0): Modeline "1024x768"x0.0   75.00  1024 1048 1184 1328  768 771 777 806 -hsync -vsync (56.5 kHz e)
[    15.359] (II) modeset(0): Modeline "1024x768"x0.0   65.00  1024 1048 1184 1344  768 771 777 806 -hsync -vsync (48.4 kHz e)
[    15.359] (II) modeset(0): Modeline "832x624"x0.0   57.28  832 864 928 1152  624 625 628 667 -hsync -vsync (49.7 kHz e)
[    15.359] (II) modeset(0): Modeline "800x600"x0.0   49.50  800 816 896 1056  600 601 604 625 +hsync +vsync (46.9 kHz e)
[    15.359] (II) modeset(0): Modeline "800x600"x0.0   50.00  800 856 976 1040  600 637 643 666 +hsync +vsync (48.1 kHz e)
[    15.359] (II) modeset(0): Modeline "1280x1024"x0.0  108.00  1280 1328 1440 1688  1024 1025 1028 1066 +hsync +vsync (64.0 kHz e)
[    15.359] (II) modeset(0): Modeline "640x480"x100.0   43.16  640 680 744 848  480 481 484 509 -hsync +vsync (50.9 kHz e)
[    15.359] (II) modeset(0): Modeline "640x480"x120.0   52.41  640 680 744 848  480 481 484 515 -hsync +vsync (61.8 kHz e)
[    15.359] (II) modeset(0): Modeline "800x600"x100.0   68.18  800 848 936 1072  600 601 604 636 -hsync +vsync (63.6 kHz e)
[    15.359] (II) modeset(0): Modeline "800x600"x0.0   73.25  800 848 880 960  600 603 607 636 +hsync -vsync (76.3 kHz e)
[    15.359] (II) modeset(0): Modeline "1024x768"x100.0  113.31  1024 1096 1208 1392  768 769 772 814 -hsync +vsync (81.4 kHz e)
[    15.359] (II) modeset(0): Modeline "1024x768"x0.0  115.50  1024 1072 1104 1184  768 771 775 813 +hsync -vsync (97.6 kHz e)
[    15.360] (--) modeset(0): HDMI max TMDS frequency 330000KHz
[    15.625] (II) modeset(0): EDID vendor "AOC", prod id 9986
[    15.625] (II) modeset(0): Using hsync ranges from config file
[    15.625] (II) modeset(0): Using vrefresh ranges from config file
[    15.625] (II) modeset(0): Printing DDC gathered Modelines:
[    15.625] (II) modeset(0): Modeline "1920x1080"x0.0  148.50  1920 2008 2052 2200  1080 1084 1089 1125 +hsync +vsync (67.5 kHz eP)
[    15.625] (II) modeset(0): Modeline "1920x1080"x0.0  325.67  1920 1944 1976 2056  1080 1083 1088 1100 +hsync +vsync (158.4 kHz e)
[    15.625] (II) modeset(0): Modeline "1920x1080"x0.0  285.50  1920 1968 2000 2080  1080 1083 1088 1144 +hsync +vsync (137.3 kHz e)
[    15.625] (II) modeset(0): Modeline "1920x1080"x0.0  235.50  1920 1968 2000 2080  1080 1083 1088 1133 +hsync +vsync (113.2 kHz e)
[    15.625] (II) modeset(0): Modeline "1920x1080"x0.0  174.50  1920 1968 2000 2080  1080 1083 1088 1119 +hsync -vsync (83.9 kHz e)
[    15.625] (II) modeset(0): Modeline "1920x1080"x0.0  148.50  1920 2448 2492 2640  1080 1084 1089 1125 +hsync +vsync (56.2 kHz e)
[    15.625] (II) modeset(0): Modeline "1920x1080i"x0.0   74.25  1920 2008 2052 2200  1080 1084 1094 1125 interlace +hsync +vsync (33.8 kHz e)
[    15.625] (II) modeset(0): Modeline "1920x1080i"x0.0   74.25  1920 2448 2492 2640  1080 1084 1094 1125 interlace +hsync +vsync (28.1 kHz e)
[    15.625] (II) modeset(0): Modeline "1280x720"x0.0   74.25  1280 1390 1430 1650  720 725 730 750 +hsync +vsync (45.0 kHz e)
[    15.625] (II) modeset(0): Modeline "1280x720"x0.0   74.25  1280 1720 1760 1980  720 725 730 750 +hsync +vsync (37.5 kHz e)
[    15.625] (II) modeset(0): Modeline "720x480"x0.0   27.00  720 736 798 858  480 489 495 525 -hsync -vsync (31.5 kHz e)
[    15.625] (II) modeset(0): Modeline "720x576"x0.0   27.00  720 732 796 864  576 581 586 625 -hsync -vsync (31.2 kHz e)
[    15.625] (II) modeset(0): Modeline "640x480"x0.0   25.18  640 656 752 800  480 490 492 525 -hsync -vsync (31.5 kHz e)
[    15.625] (II) modeset(0): Modeline "1920x1080"x0.0  297.00  1920 2008 2052 2200  1080 1084 1089 1125 +hsync +vsync (135.0 kHz e)
[    15.625] (II) modeset(0): Modeline "800x600"x0.0   40.00  800 840 968 1056  600 601 605 628 +hsync +vsync (37.9 kHz e)
[    15.625] (II) modeset(0): Modeline "800x600"x0.0   36.00  800 824 896 1024  600 601 603 625 +hsync +vsync (35.2 kHz e)
[    15.625] (II) modeset(0): Modeline "640x480"x0.0   31.50  640 656 720 840  480 481 484 500 -hsync -vsync (37.5 kHz e)
[    15.625] (II) modeset(0): Modeline "640x480"x0.0   31.50  640 664 704 832  480 489 492 520 -hsync -vsync (37.9 kHz e)
[    15.625] (II) modeset(0): Modeline "640x480"x0.0   30.24  640 704 768 864  480 483 486 525 -hsync -vsync (35.0 kHz e)
[    15.625] (II) modeset(0): Modeline "720x400"x0.0   28.32  720 738 846 900  400 412 414 449 -hsync +vsync (31.5 kHz e)
[    15.625] (II) modeset(0): Modeline "1280x1024"x0.0  135.00  1280 1296 1440 1688  1024 1025 1028 1066 +hsync +vsync (80.0 kHz e)
[    15.625] (II) modeset(0): Modeline "1024x768"x0.0   78.75  1024 1040 1136 1312  768 769 772 800 +hsync +vsync (60.0 kHz e)
[    15.625] (II) modeset(0): Modeline "1024x768"x0.0   75.00  1024 1048 1184 1328  768 771 777 806 -hsync -vsync (56.5 kHz e)
[    15.625] (II) modeset(0): Modeline "1024x768"x0.0   65.00  1024 1048 1184 1344  768 771 777 806 -hsync -vsync (48.4 kHz e)
[    15.625] (II) modeset(0): Modeline "832x624"x0.0   57.28  832 864 928 1152  624 625 628 667 -hsync -vsync (49.7 kHz e)
[    15.625] (II) modeset(0): Modeline "800x600"x0.0   49.50  800 816 896 1056  600 601 604 625 +hsync +vsync (46.9 kHz e)
[    15.625] (II) modeset(0): Modeline "800x600"x0.0   50.00  800 856 976 1040  600 637 643 666 +hsync +vsync (48.1 kHz e)
[    15.625] (II) modeset(0): Modeline "1280x1024"x0.0  108.00  1280 1328 1440 1688  1024 1025 1028 1066 +hsync +vsync (64.0 kHz e)
[    15.625] (II) modeset(0): Modeline "640x480"x100.0   43.16  640 680 744 848  480 481 484 509 -hsync +vsync (50.9 kHz e)
[    15.625] (II) modeset(0): Modeline "640x480"x120.0   52.41  640 680 744 848  480 481 484 515 -hsync +vsync (61.8 kHz e)
[    15.625] (II) modeset(0): Modeline "800x600"x100.0   68.18  800 848 936 1072  600 601 604 636 -hsync +vsync (63.6 kHz e)
[    15.625] (II) modeset(0): Modeline "800x600"x0.0   73.25  800 848 880 960  600 603 607 636 +hsync -vsync (76.3 kHz e)
[    15.625] (II) modeset(0): Modeline "1024x768"x100.0  113.31  1024 1096 1208 1392  768 769 772 814 -hsync +vsync (81.4 kHz e)
[    15.625] (II) modeset(0): Modeline "1024x768"x0.0  115.50  1024 1072 1104 1184  768 771 775 813 +hsync -vsync (97.6 kHz e)
[    15.625] (--) modeset(0): HDMI max TMDS frequency 330000KHz
[    15.785] (II) modeset(0): EDID vendor "AOC", prod id 9986
[    15.785] (II) modeset(0): Using hsync ranges from config file
[    15.785] (II) modeset(0): Using vrefresh ranges from config file
[    15.785] (II) modeset(0): Printing DDC gathered Modelines:
[    15.785] (II) modeset(0): Modeline "1920x1080"x0.0  148.50  1920 2008 2052 2200  1080 1084 1089 1125 +hsync +vsync (67.5 kHz eP)
[    15.785] (II) modeset(0): Modeline "1920x1080"x0.0  325.67  1920 1944 1976 2056  1080 1083 1088 1100 +hsync +vsync (158.4 kHz e)
[    15.785] (II) modeset(0): Modeline "1920x1080"x0.0  285.50  1920 1968 2000 2080  1080 1083 1088 1144 +hsync +vsync (137.3 kHz e)
[    15.785] (II) modeset(0): Modeline "1920x1080"x0.0  235.50  1920 1968 2000 2080  1080 1083 1088 1133 +hsync +vsync (113.2 kHz e)
[    15.785] (II) modeset(0): Modeline "1920x1080"x0.0  174.50  1920 1968 2000 2080  1080 1083 1088 1119 +hsync -vsync (83.9 kHz e)
[    15.785] (II) modeset(0): Modeline "1920x1080"x0.0  148.50  1920 2448 2492 2640  1080 1084 1089 1125 +hsync +vsync (56.2 kHz e)
[    15.785] (II) modeset(0): Modeline "1920x1080i"x0.0   74.25  1920 2008 2052 2200  1080 1084 1094 1125 interlace +hsync +vsync (33.8 kHz e)
[    15.785] (II) modeset(0): Modeline "1920x1080i"x0.0   74.25  1920 2448 2492 2640  1080 1084 1094 1125 interlace +hsync +vsync (28.1 kHz e)
[    15.785] (II) modeset(0): Modeline "1280x720"x0.0   74.25  1280 1390 1430 1650  720 725 730 750 +hsync +vsync (45.0 kHz e)
[    15.785] (II) modeset(0): Modeline "1280x720"x0.0   74.25  1280 1720 1760 1980  720 725 730 750 +hsync +vsync (37.5 kHz e)
[    15.785] (II) modeset(0): Modeline "720x480"x0.0   27.00  720 736 798 858  480 489 495 525 -hsync -vsync (31.5 kHz e)
[    15.785] (II) modeset(0): Modeline "720x576"x0.0   27.00  720 732 796 864  576 581 586 625 -hsync -vsync (31.2 kHz e)
[    15.785] (II) modeset(0): Modeline "640x480"x0.0   25.18  640 656 752 800  480 490 492 525 -hsync -vsync (31.5 kHz e)
[    15.785] (II) modeset(0): Modeline "1920x1080"x0.0  297.00  1920 2008 2052 2200  1080 1084 1089 1125 +hsync +vsync (135.0 kHz e)
[    15.785] (II) modeset(0): Modeline "800x600"x0.0   40.00  800 840 968 1056  600 601 605 628 +hsync +vsync (37.9 kHz e)
[    15.785] (II) modeset(0): Modeline "800x600"x0.0   36.00  800 824 896 1024  600 601 603 625 +hsync +vsync (35.2 kHz e)
[    15.785] (II) modeset(0): Modeline "640x480"x0.0   31.50  640 656 720 840  480 481 484 500 -hsync -vsync (37.5 kHz e)
[    15.785] (II) modeset(0): Modeline "640x480"x0.0   31.50  640 664 704 832  480 489 492 520 -hsync -vsync (37.9 kHz e)
[    15.785] (II) modeset(0): Modeline "640x480"x0.0   30.24  640 704 768 864  480 483 486 525 -hsync -vsync (35.0 kHz e)
[    15.785] (II) modeset(0): Modeline "720x400"x0.0   28.32  720 738 846 900  400 412 414 449 -hsync +vsync (31.5 kHz e)
[    15.785] (II) modeset(0): Modeline "1280x1024"x0.0  135.00  1280 1296 1440 1688  1024 1025 1028 1066 +hsync +vsync (80.0 kHz e)
[    15.785] (II) modeset(0): Modeline "1024x768"x0.0   78.75  1024 1040 1136 1312  768 769 772 800 +hsync +vsync (60.0 kHz e)
[    15.785] (II) modeset(0): Modeline "1024x768"x0.0   75.00  1024 1048 1184 1328  768 771 777 806 -hsync -vsync (56.5 kHz e)
[    15.785] (II) modeset(0): Modeline "1024x768"x0.0   65.00  1024 1048 1184 1344  768 771 777 806 -hsync -vsync (48.4 kHz e)
[    15.785] (II) modeset(0): Modeline "832x624"x0.0   57.28  832 864 928 1152  624 625 628 667 -hsync -vsync (49.7 kHz e)
[    15.785] (II) modeset(0): Modeline "800x600"x0.0   49.50  800 816 896 1056  600 601 604 625 +hsync +vsync (46.9 kHz e)
[    15.785] (II) modeset(0): Modeline "800x600"x0.0   50.00  800 856 976 1040  600 637 643 666 +hsync +vsync (48.1 kHz e)
[    15.785] (II) modeset(0): Modeline "1280x1024"x0.0  108.00  1280 1328 1440 1688  1024 1025 1028 1066 +hsync +vsync (64.0 kHz e)
[    15.785] (II) modeset(0): Modeline "640x480"x100.0   43.16  640 680 744 848  480 481 484 509 -hsync +vsync (50.9 kHz e)
[    15.785] (II) modeset(0): Modeline "640x480"x120.0   52.41  640 680 744 848  480 481 484 515 -hsync +vsync (61.8 kHz e)
[    15.785] (II) modeset(0): Modeline "800x600"x100.0   68.18  800 848 936 1072  600 601 604 636 -hsync +vsync (63.6 kHz e)
[    15.785] (II) modeset(0): Modeline "800x600"x0.0   73.25  800 848 880 960  600 603 607 636 +hsync -vsync (76.3 kHz e)
[    15.785] (II) modeset(0): Modeline "1024x768"x100.0  113.31  1024 1096 1208 1392  768 769 772 814 -hsync +vsync (81.4 kHz e)
[    15.785] (II) modeset(0): Modeline "1024x768"x0.0  115.50  1024 1072 1104 1184  768 771 775 813 +hsync -vsync (97.6 kHz e)
[    15.785] (--) modeset(0): HDMI max TMDS frequency 330000KHz
[    16.067] (II) modeset(0): EDID vendor "AOC", prod id 9986
[    16.067] (II) modeset(0): Using hsync ranges from config file
[    16.067] (II) modeset(0): Using vrefresh ranges from config file
[    16.067] (II) modeset(0): Printing DDC gathered Modelines:
[    16.067] (II) modeset(0): Modeline "1920x1080"x0.0  148.50  1920 2008 2052 2200  1080 1084 1089 1125 +hsync +vsync (67.5 kHz eP)
[    16.067] (II) modeset(0): Modeline "1920x1080"x0.0  325.67  1920 1944 1976 2056  1080 1083 1088 1100 +hsync +vsync (158.4 kHz e)
[    16.067] (II) modeset(0): Modeline "1920x1080"x0.0  285.50  1920 1968 2000 2080  1080 1083 1088 1144 +hsync +vsync (137.3 kHz e)
[    16.067] (II) modeset(0): Modeline "1920x1080"x0.0  235.50  1920 1968 2000 2080  1080 1083 1088 1133 +hsync +vsync (113.2 kHz e)
[    16.067] (II) modeset(0): Modeline "1920x1080"x0.0  174.50  1920 1968 2000 2080  1080 1083 1088 1119 +hsync -vsync (83.9 kHz e)
[    16.067] (II) modeset(0): Modeline "1920x1080"x0.0  148.50  1920 2448 2492 2640  1080 1084 1089 1125 +hsync +vsync (56.2 kHz e)
[    16.067] (II) modeset(0): Modeline "1920x1080i"x0.0   74.25  1920 2008 2052 2200  1080 1084 1094 1125 interlace +hsync +vsync (33.8 kHz e)
[    16.067] (II) modeset(0): Modeline "1920x1080i"x0.0   74.25  1920 2448 2492 2640  1080 1084 1094 1125 interlace +hsync +vsync (28.1 kHz e)
[    16.067] (II) modeset(0): Modeline "1280x720"x0.0   74.25  1280 1390 1430 1650  720 725 730 750 +hsync +vsync (45.0 kHz e)
[    16.067] (II) modeset(0): Modeline "1280x720"x0.0   74.25  1280 1720 1760 1980  720 725 730 750 +hsync +vsync (37.5 kHz e)
[    16.067] (II) modeset(0): Modeline "720x480"x0.0   27.00  720 736 798 858  480 489 495 525 -hsync -vsync (31.5 kHz e)
[    16.067] (II) modeset(0): Modeline "720x576"x0.0   27.00  720 732 796 864  576 581 586 625 -hsync -vsync (31.2 kHz e)
[    16.067] (II) modeset(0): Modeline "640x480"x0.0   25.18  640 656 752 800  480 490 492 525 -hsync -vsync (31.5 kHz e)
[    16.067] (II) modeset(0): Modeline "1920x1080"x0.0  297.00  1920 2008 2052 2200  1080 1084 1089 1125 +hsync +vsync (135.0 kHz e)
[    16.067] (II) modeset(0): Modeline "800x600"x0.0   40.00  800 840 968 1056  600 601 605 628 +hsync +vsync (37.9 kHz e)
[    16.067] (II) modeset(0): Modeline "800x600"x0.0   36.00  800 824 896 1024  600 601 603 625 +hsync +vsync (35.2 kHz e)
[    16.067] (II) modeset(0): Modeline "640x480"x0.0   31.50  640 656 720 840  480 481 484 500 -hsync -vsync (37.5 kHz e)
[    16.067] (II) modeset(0): Modeline "640x480"x0.0   31.50  640 664 704 832  480 489 492 520 -hsync -vsync (37.9 kHz e)
[    16.067] (II) modeset(0): Modeline "640x480"x0.0   30.24  640 704 768 864  480 483 486 525 -hsync -vsync (35.0 kHz e)
[    16.067] (II) modeset(0): Modeline "720x400"x0.0   28.32  720 738 846 900  400 412 414 449 -hsync +vsync (31.5 kHz e)
[    16.067] (II) modeset(0): Modeline "1280x1024"x0.0  135.00  1280 1296 1440 1688  1024 1025 1028 1066 +hsync +vsync (80.0 kHz e)
[    16.067] (II) modeset(0): Modeline "1024x768"x0.0   78.75  1024 1040 1136 1312  768 769 772 800 +hsync +vsync (60.0 kHz e)
[    16.067] (II) modeset(0): Modeline "1024x768"x0.0   75.00  1024 1048 1184 1328  768 771 777 806 -hsync -vsync (56.5 kHz e)
[    16.067] (II) modeset(0): Modeline "1024x768"x0.0   65.00  1024 1048 1184 1344  768 771 777 806 -hsync -vsync (48.4 kHz e)
[    16.067] (II) modeset(0): Modeline "832x624"x0.0   57.28  832 864 928 1152  624 625 628 667 -hsync -vsync (49.7 kHz e)
[    16.067] (II) modeset(0): Modeline "800x600"x0.0   49.50  800 816 896 1056  600 601 604 625 +hsync +vsync (46.9 kHz e)
[    16.067] (II) modeset(0): Modeline "800x600"x0.0   50.00  800 856 976 1040  600 637 643 666 +hsync +vsync (48.1 kHz e)
[    16.067] (II) modeset(0): Modeline "1280x1024"x0.0  108.00  1280 1328 1440 1688  1024 1025 1028 1066 +hsync +vsync (64.0 kHz e)
[    16.067] (II) modeset(0): Modeline "640x480"x100.0   43.16  640 680 744 848  480 481 484 509 -hsync +vsync (50.9 kHz e)
[    16.068] (II) modeset(0): Modeline "640x480"x120.0   52.41  640 680 744 848  480 481 484 515 -hsync +vsync (61.8 kHz e)
[    16.068] (II) modeset(0): Modeline "800x600"x100.0   68.18  800 848 936 1072  600 601 604 636 -hsync +vsync (63.6 kHz e)
[    16.068] (II) modeset(0): Modeline "800x600"x0.0   73.25  800 848 880 960  600 603 607 636 +hsync -vsync (76.3 kHz e)
[    16.068] (II) modeset(0): Modeline "1024x768"x100.0  113.31  1024 1096 1208 1392  768 769 772 814 -hsync +vsync (81.4 kHz e)
[    16.068] (II) modeset(0): Modeline "1024x768"x0.0  115.50  1024 1072 1104 1184  768 771 775 813 +hsync -vsync (97.6 kHz e)
[    16.068] (--) modeset(0): HDMI max TMDS frequency 330000KHz
[    18.399] (II) modeset(0): EDID vendor "AOC", prod id 9986
[    18.399] (II) modeset(0): Using hsync ranges from config file
[    18.399] (II) modeset(0): Using vrefresh ranges from config file
[    18.399] (II) modeset(0): Printing DDC gathered Modelines:
[    18.399] (II) modeset(0): Modeline "1920x1080"x0.0  148.50  1920 2008 2052 2200  1080 1084 1089 1125 +hsync +vsync (67.5 kHz eP)
[    18.399] (II) modeset(0): Modeline "1920x1080"x0.0  325.67  1920 1944 1976 2056  1080 1083 1088 1100 +hsync +vsync (158.4 kHz e)
[    18.399] (II) modeset(0): Modeline "1920x1080"x0.0  285.50  1920 1968 2000 2080  1080 1083 1088 1144 +hsync +vsync (137.3 kHz e)
[    18.399] (II) modeset(0): Modeline "1920x1080"x0.0  235.50  1920 1968 2000 2080  1080 1083 1088 1133 +hsync +vsync (113.2 kHz e)
[    18.399] (II) modeset(0): Modeline "1920x1080"x0.0  174.50  1920 1968 2000 2080  1080 1083 1088 1119 +hsync -vsync (83.9 kHz e)
[    18.399] (II) modeset(0): Modeline "1920x1080"x0.0  148.50  1920 2448 2492 2640  1080 1084 1089 1125 +hsync +vsync (56.2 kHz e)
[    18.399] (II) modeset(0): Modeline "1920x1080i"x0.0   74.25  1920 2008 2052 2200  1080 1084 1094 1125 interlace +hsync +vsync (33.8 kHz e)
[    18.399] (II) modeset(0): Modeline "1920x1080i"x0.0   74.25  1920 2448 2492 2640  1080 1084 1094 1125 interlace +hsync +vsync (28.1 kHz e)
[    18.399] (II) modeset(0): Modeline "1280x720"x0.0   74.25  1280 1390 1430 1650  720 725 730 750 +hsync +vsync (45.0 kHz e)
[    18.399] (II) modeset(0): Modeline "1280x720"x0.0   74.25  1280 1720 1760 1980  720 725 730 750 +hsync +vsync (37.5 kHz e)
[    18.399] (II) modeset(0): Modeline "720x480"x0.0   27.00  720 736 798 858  480 489 495 525 -hsync -vsync (31.5 kHz e)
[    18.399] (II) modeset(0): Modeline "720x576"x0.0   27.00  720 732 796 864  576 581 586 625 -hsync -vsync (31.2 kHz e)
[    18.399] (II) modeset(0): Modeline "640x480"x0.0   25.18  640 656 752 800  480 490 492 525 -hsync -vsync (31.5 kHz e)
[    18.399] (II) modeset(0): Modeline "1920x1080"x0.0  297.00  1920 2008 2052 2200  1080 1084 1089 1125 +hsync +vsync (135.0 kHz e)
[    18.399] (II) modeset(0): Modeline "800x600"x0.0   40.00  800 840 968 1056  600 601 605 628 +hsync +vsync (37.9 kHz e)
[    18.399] (II) modeset(0): Modeline "800x600"x0.0   36.00  800 824 896 1024  600 601 603 625 +hsync +vsync (35.2 kHz e)
[    18.399] (II) modeset(0): Modeline "640x480"x0.0   31.50  640 656 720 840  480 481 484 500 -hsync -vsync (37.5 kHz e)
[    18.399] (II) modeset(0): Modeline "640x480"x0.0   31.50  640 664 704 832  480 489 492 520 -hsync -vsync (37.9 kHz e)
[    18.399] (II) modeset(0): Modeline "640x480"x0.0   30.24  640 704 768 864  480 483 486 525 -hsync -vsync (35.0 kHz e)
[    18.399] (II) modeset(0): Modeline "720x400"x0.0   28.32  720 738 846 900  400 412 414 449 -hsync +vsync (31.5 kHz e)
[    18.399] (II) modeset(0): Modeline "1280x1024"x0.0  135.00  1280 1296 1440 1688  1024 1025 1028 1066 +hsync +vsync (80.0 kHz e)
[    18.399] (II) modeset(0): Modeline "1024x768"x0.0   78.75  1024 1040 1136 1312  768 769 772 800 +hsync +vsync (60.0 kHz e)
[    18.399] (II) modeset(0): Modeline "1024x768"x0.0   75.00  1024 1048 1184 1328  768 771 777 806 -hsync -vsync (56.5 kHz e)
[    18.399] (II) modeset(0): Modeline "1024x768"x0.0   65.00  1024 1048 1184 1344  768 771 777 806 -hsync -vsync (48.4 kHz e)
[    18.399] (II) modeset(0): Modeline "832x624"x0.0   57.28  832 864 928 1152  624 625 628 667 -hsync -vsync (49.7 kHz e)
[    18.399] (II) modeset(0): Modeline "800x600"x0.0   49.50  800 816 896 1056  600 601 604 625 +hsync +vsync (46.9 kHz e)
[    18.399] (II) modeset(0): Modeline "800x600"x0.0   50.00  800 856 976 1040  600 637 643 666 +hsync +vsync (48.1 kHz e)
[    18.399] (II) modeset(0): Modeline "1280x1024"x0.0  108.00  1280 1328 1440 1688  1024 1025 1028 1066 +hsync +vsync (64.0 kHz e)
[    18.399] (II) modeset(0): Modeline "640x480"x100.0   43.16  640 680 744 848  480 481 484 509 -hsync +vsync (50.9 kHz e)
[    18.399] (II) modeset(0): Modeline "640x480"x120.0   52.41  640 680 744 848  480 481 484 515 -hsync +vsync (61.8 kHz e)
[    18.399] (II) modeset(0): Modeline "800x600"x100.0   68.18  800 848 936 1072  600 601 604 636 -hsync +vsync (63.6 kHz e)
[    18.399] (II) modeset(0): Modeline "800x600"x0.0   73.25  800 848 880 960  600 603 607 636 +hsync -vsync (76.3 kHz e)
[    18.399] (II) modeset(0): Modeline "1024x768"x100.0  113.31  1024 1096 1208 1392  768 769 772 814 -hsync +vsync (81.4 kHz e)
[    18.399] (II) modeset(0): Modeline "1024x768"x0.0  115.50  1024 1072 1104 1184  768 771 775 813 +hsync -vsync (97.6 kHz e)
[    18.400] (--) modeset(0): HDMI max TMDS frequency 330000KHz
